

Microchip MPLAB XC8 Assembler V2.10 build 88905656 
                                                                                               Sat Mar 21 11:01:23 2020

Microchip MPLAB XC8 C Compiler v2.10 (Free license) build 20190730164152 Og1 
     1                           	processor	18F46K22
     2                           	fnconf	rparam,??,?,0
     3                           	opt	pw 120
     4                           	opt	flic
     5                           	psect	nvCOMRAM,global,class=COMRAM,space=1,delta=1,noexec
     6                           	psect	cinit,global,reloc=2,class=CODE,delta=1
     7                           	psect	bssCOMRAM,global,class=COMRAM,space=1,delta=1,noexec
     8                           	psect	cstackCOMRAM,global,class=COMRAM,space=1,delta=1,noexec
     9                           	psect	text0,global,reloc=2,class=CODE,delta=1
    10                           	psect	text1,global,reloc=2,class=CODE,delta=1
    11                           	psect	text2,global,reloc=2,class=CODE,delta=1
    12                           	psect	text3,global,reloc=2,class=CODE,delta=1
    13                           	psect	text4,global,reloc=2,class=CODE,delta=1
    14                           	psect	text5,global,reloc=2,class=CODE,delta=1
    15                           	psect	text6,global,reloc=2,class=CODE,delta=1
    16                           	psect	text7,global,reloc=2,class=CODE,delta=1
    17                           	psect	text8,global,reloc=2,class=CODE,delta=1
    18                           	psect	text9,global,reloc=2,class=CODE,delta=1
    19                           	psect	text10,global,reloc=2,class=CODE,delta=1
    20                           	psect	text11,global,reloc=2,class=CODE,delta=1
    21                           	psect	intsave_regs,global,class=BIGRAM,space=1,delta=1,noexec
    22                           	psect	rparam,global,class=COMRAM,space=1,delta=1,noexec
    23  0000                     
    24                           ; Version 2.10
    25                           ; Generated 31/07/2019 GMT
    26                           ; 
    27                           ; Copyright © 2019, Microchip Technology Inc. and its subsidiaries ("Microchip")
    28                           ; All rights reserved.
    29                           ; 
    30                           ; This software is developed by Microchip Technology Inc. and its subsidiaries ("Microch
      +                          ip").
    31                           ; 
    32                           ; Redistribution and use in source and binary forms, with or without modification, are
    33                           ; permitted provided that the following conditions are met:
    34                           ; 
    35                           ;     1. Redistributions of source code must retain the above copyright notice, this lis
      +                          t of
    36                           ;        conditions and the following disclaimer.
    37                           ; 
    38                           ;     2. Redistributions in binary form must reproduce the above copyright notice, this 
      +                          list
    39                           ;        of conditions and the following disclaimer in the documentation and/or other
    40                           ;        materials provided with the distribution.
    41                           ; 
    42                           ;     3. Microchip's name may not be used to endorse or promote products derived from th
      +                          is
    43                           ;        software without specific prior written permission.
    44                           ; 
    45                           ; THIS SOFTWARE IS PROVIDED BY MICROCHIP "AS IS" AND ANY EXPRESS OR IMPLIED WARRANTIES,
    46                           ; INCLUDING, BUT NOT LIMITED TO, THE IMPLIED WARRANTIES OF MERCHANTABILITY AND FITNESS F
      +                          OR
    47                           ; PURPOSE ARE DISCLAIMED.  IN NO EVENT SHALL MICROCHIP BE LIABLE FOR ANY DIRECT, INDIREC
      +                          T,
    48                           ; INCIDENTAL, SPECIAL, EXEMPLARY, OR CONSEQUENTIAL DAMAGES (INCLUDING BUT NOT LIMITED TO
    49                           ; PROCUREMENT OF SUBSTITUTE GOODS OR SERVICES; LOSS OF USE, DATA OR PROFITS; OR BUSINESS
    50                           ; INTERRUPTION) HOWSOEVER CAUSED AND ON ANY THEORY OF LIABILITY, WHETHER IN CONTRACT, ST
      +                          RICT
    51                           ; LIABILITY, OR TORT (INCLUDING NEGLIGENCE OR OTHERWISE) ARISING IN ANY WAY OUT OF THE U
      +                          SE OF
    52                           ; THIS SOFTWARE, EVEN IF ADVISED OF THE POSSIBILITY OF SUCH DAMAGE.
    53                           ; 
    54                           ; 
    55                           ; Code-generator required, PIC18F46K22 Definitions
    56                           ; 
    57                           ; SFR Addresses
    58  0000                     
    59 ;; Function _EUSART1_DefaultFramingErrorHandler is unused but had its address taken
    60  0000                     
    61 ;; Function _EUSART1_DefaultOverrunErrorHandler is unused but had its address taken
    62  0000                     
    63 ;; Function _EUSART1_DefaultErrorHandler is unused but had its address taken
    64  0000                     
    65                           	psect	nvCOMRAM
    66  00000B                     __pnvCOMRAM:
    67                           	opt callstack 0
    68  00000B                     _EUSART1_ErrorHandler:
    69                           	opt callstack 0
    70  00000B                     	ds	2
    71  00000D                     _EUSART1_OverrunErrorHandler:
    72                           	opt callstack 0
    73  00000D                     	ds	2
    74  00000F                     _EUSART1_FramingErrorHandler:
    75                           	opt callstack 0
    76  00000F                     	ds	2
    77  0000                     _ANSELA	set	3896
    78  0000                     _ANSELE	set	3900
    79  0000                     _ANSELB	set	3897
    80  0000                     _ANSELC	set	3898
    81  0000                     _ANSELD	set	3899
    82  0000                     _INTCONbits	set	4082
    83  0000                     _INTCON2bits	set	4081
    84  0000                     _WPUB	set	3937
    85  0000                     _TRISD	set	3989
    86  0000                     _TRISC	set	3988
    87  0000                     _TRISB	set	3987
    88  0000                     _TRISA	set	3986
    89  0000                     _TRISE	set	3990
    90  0000                     _LATC	set	3979
    91  0000                     _LATB	set	3978
    92  0000                     _LATA	set	3977
    93  0000                     _LATD	set	3980
    94  0000                     _LATE	set	3981
    95  0000                     _OSCTUNE	set	3995
    96  0000                     _OSCCON2	set	4050
    97  0000                     _OSCCON	set	4051
    98  0000                     _TXREG1	set	4013
    99  0000                     _RCREG1	set	4014
   100  0000                     _RCSTA1bits	set	4011
   101  0000                     _TXSTA1bits	set	4012
   102  0000                     _PIR1bits	set	3998
   103  0000                     _SPBRGH1	set	4016
   104  0000                     _SPBRG1	set	4015
   105  0000                     _TXSTA1	set	4012
   106  0000                     _RCSTA1	set	4011
   107  0000                     _BAUDCON1	set	4024
   108  0000                     _LATCbits	set	3979
   109  0000                     _ADCON0bits	set	4034
   110  0000                     _ADRESH	set	4036
   111  0000                     _ADRESL	set	4035
   112  0000                     _ADCON2	set	4032
   113  0000                     _ADCON1	set	4033
   114  0000                     _ADCON0	set	4034
   115                           
   116                           ; #config settings
   117  0000                     
   118                           	psect	cinit
   119  00FE68                     __pcinit:
   120                           	opt callstack 0
   121  00FE68                     start_initialization:
   122                           	opt callstack 0
   123  00FE68                     __initialization:
   124                           	opt callstack 0
   125                           
   126                           ; Clear objects allocated to COMRAM (3 bytes)
   127  00FE68  6A13               	clrf	(__pbssCOMRAM+2)& (0+255),c
   128  00FE6A  6A12               	clrf	(__pbssCOMRAM+1)& (0+255),c
   129  00FE6C  6A11               	clrf	__pbssCOMRAM& (0+255),c
   130  00FE6E                     end_of_initialization:
   131                           	opt callstack 0
   132  00FE6E                     __end_of__initialization:
   133                           	opt callstack 0
   134  00FE6E  0E00               	movlw	low (__Lmediumconst shr (0+16))
   135  00FE70  6EF8               	movwf	tblptru,c
   136  00FE72  0100               	movlb	0
   137  00FE74  EFCA  F07F         	goto	_main	;jump to C main() function
   138                           
   139                           	psect	bssCOMRAM
   140  000011                     __pbssCOMRAM:
   141                           	opt callstack 0
   142  000011                     _ADC_InterruptHandler:
   143                           	opt callstack 0
   144  000011                     	ds	2
   145  000013                     _eusart1RxLastError:
   146                           	opt callstack 0
   147  000013                     	ds	1
   148                           
   149                           	psect	cstackCOMRAM
   150  000001                     __pcstackCOMRAM:
   151                           	opt callstack 0
   152  000001                     ?_ADC_GetConversion:
   153                           	opt callstack 0
   154  000001                     _EUSART1_is_tx_ready$431:
   155                           	opt callstack 0
   156  000001                     EUSART1_Write@txData:
   157                           	opt callstack 0
   158  000001                     EUSART1_SetFramingErrorHandler@interruptHandler:
   159                           	opt callstack 0
   160  000001                     EUSART1_SetOverrunErrorHandler@interruptHandler:
   161                           	opt callstack 0
   162  000001                     EUSART1_SetErrorHandler@interruptHandler:
   163                           	opt callstack 0
   164                           
   165                           ; 2 bytes @ 0x0
   166  000001                     	ds	2
   167  000003                     ??_ADC_GetConversion:
   168  000003                     
   169                           ; 1 bytes @ 0x2
   170  000003                     	ds	2
   171  000005                     ADC_GetConversion@channel:
   172                           	opt callstack 0
   173                           
   174                           ; 1 bytes @ 0x4
   175  000005                     	ds	1
   176  000006                     ??_main:
   177                           
   178                           ; 1 bytes @ 0x5
   179  000006                     	ds	2
   180  000008                     main@result:
   181                           	opt callstack 0
   182                           
   183                           ; 2 bytes @ 0x7
   184  000008                     	ds	2
   185  00000A                     main@adcData:
   186                           	opt callstack 0
   187                           
   188                           ; 1 bytes @ 0x9
   189  00000A                     	ds	1
   190                           
   191 ;;
   192 ;;Main: autosize = 0, tempsize = 2, incstack = 0, save=0
   193 ;;
   194 ;; *************** function _main *****************
   195 ;; Defined at:
   196 ;;		line 49 in file "main.c"
   197 ;; Parameters:    Size  Location     Type
   198 ;;		None
   199 ;; Auto vars:     Size  Location     Type
   200 ;;  result          2    7[COMRAM] unsigned short 
   201 ;;  adcData         1    9[COMRAM] unsigned char 
   202 ;; Return value:  Size  Location     Type
   203 ;;                  1    wreg      void 
   204 ;; Registers used:
   205 ;;		wreg, status,2, status,0, cstack
   206 ;; Tracked objects:
   207 ;;		On entry : 0/0
   208 ;;		On exit  : 0/0
   209 ;;		Unchanged: 0/0
   210 ;; Data sizes:     COMRAM   BANK0   BANK1   BANK2   BANK3   BANK4   BANK5   BANK6   BANK7   BANK8   BANK9  BANK10  BANK1
      +1  BANK12  BANK13  BANK14  BANK15
   211 ;;      Params:         0       0       0       0       0       0       0       0       0       0       0       0       
      +0       0       0       0       0
   212 ;;      Locals:         3       0       0       0       0       0       0       0       0       0       0       0       
      +0       0       0       0       0
   213 ;;      Temps:          2       0       0       0       0       0       0       0       0       0       0       0       
      +0       0       0       0       0
   214 ;;      Totals:         5       0       0       0       0       0       0       0       0       0       0       0       
      +0       0       0       0       0
   215 ;;Total ram usage:        5 bytes
   216 ;; Hardware stack levels required when called:    3
   217 ;; This function calls:
   218 ;;		_ADC_GetConversion
   219 ;;		_EUSART1_Write
   220 ;;		_EUSART1_is_tx_ready
   221 ;;		_SYSTEM_Initialize
   222 ;; This function is called by:
   223 ;;		Startup code after reset
   224 ;; This function uses a non-reentrant model
   225 ;;
   226                           
   227                           	psect	text0
   228  00FF94                     __ptext0:
   229                           	opt callstack 0
   230  00FF94                     _main:
   231                           	opt callstack 28
   232  00FF94                     
   233                           ;main.c: 51:     SYSTEM_Initialize();
   234  00FF94  EC3C  F07F         	call	_SYSTEM_Initialize	;wreg free
   235  00FF98                     l57:
   236                           
   237                           ;main.c: 54:     {;main.c: 55:         adc_result_t result = ADC_GetConversion(channel_A
      +                          N0);
   238  00FF98  0E00               	movlw	0
   239  00FF9A  EC6F  F07F         	call	_ADC_GetConversion
   240  00FF9E  C001  F008         	movff	?_ADC_GetConversion,main@result
   241  00FFA2  C002  F009         	movff	?_ADC_GetConversion+1,main@result+1
   242  00FFA6                     
   243                           ;main.c: 57:         char adcData = result / 4;
   244  00FFA6  C008  F006         	movff	main@result,??_main
   245  00FFAA  C009  F007         	movff	main@result+1,??_main+1
   246  00FFAE  90D8               	bcf	status,0,c
   247  00FFB0  3207               	rrcf	(??_main+1)^0,f,c
   248  00FFB2  3206               	rrcf	??_main^0,f,c
   249  00FFB4  90D8               	bcf	status,0,c
   250  00FFB6  3207               	rrcf	(??_main+1)^0,f,c
   251  00FFB8  3206               	rrcf	??_main^0,f,c
   252  00FFBA  5006               	movf	??_main^0,w,c
   253  00FFBC  6E0A               	movwf	main@adcData^0,c
   254  00FFBE                     
   255                           ;main.c: 59:         if(EUSART1_is_tx_ready())
   256  00FFBE  EC5B  F07F         	call	_EUSART1_is_tx_ready	;wreg free
   257  00FFC2  0900               	iorlw	0
   258  00FFC4  B4D8               	btfsc	status,2,c
   259  00FFC6  EFE7  F07F         	goto	u111
   260  00FFCA  EFE9  F07F         	goto	u110
   261  00FFCE                     u111:
   262  00FFCE  EFED  F07F         	goto	l1059
   263  00FFD2                     u110:
   264  00FFD2                     
   265                           ;main.c: 60:         {;main.c: 61:             EUSART1_Write(adcData);
   266  00FFD2  500A               	movf	main@adcData^0,w,c
   267  00FFD4  EC45  F07F         	call	_EUSART1_Write
   268  00FFD8  808B               	bsf	139,0,c	;volatile
   269  00FFDA                     l1059:
   270                           
   271                           ;main.c: 65:         _delay((unsigned long)((100)*(4000000/4000.0)));
   272  00FFDA  0E82               	movlw	130
   273  00FFDC  6E06               	movwf	??_main^0,c
   274  00FFDE  0EDE               	movlw	222
   275  00FFE0                     u127:
   276  00FFE0  2EE8               	decfsz	wreg,f,c
   277  00FFE2  D7FE               	bra	u127
   278  00FFE4  2E06               	decfsz	??_main^0,f,c
   279  00FFE6  D7FC               	bra	u127
   280  00FFE8  908B               	bcf	139,0,c	;volatile
   281  00FFEA                     
   282                           ;main.c: 67:         _delay((unsigned long)((100)*(4000000/4000.0)));
   283  00FFEA  0E82               	movlw	130
   284  00FFEC  6E06               	movwf	??_main^0,c
   285  00FFEE  0EDE               	movlw	222
   286  00FFF0                     u137:
   287  00FFF0  2EE8               	decfsz	wreg,f,c
   288  00FFF2  D7FE               	bra	u137
   289  00FFF4  2E06               	decfsz	??_main^0,f,c
   290  00FFF6  D7FC               	bra	u137
   291  00FFF8  EFCC  F07F         	goto	l57
   292  00FFFC  EF00  F000         	goto	start
   293  010000                     __end_of_main:
   294                           	opt callstack 0
   295                           
   296 ;; *************** function _SYSTEM_Initialize *****************
   297 ;; Defined at:
   298 ;;		line 50 in file "mcc_generated_files/mcc.c"
   299 ;; Parameters:    Size  Location     Type
   300 ;;		None
   301 ;; Auto vars:     Size  Location     Type
   302 ;;		None
   303 ;; Return value:  Size  Location     Type
   304 ;;                  1    wreg      void 
   305 ;; Registers used:
   306 ;;		wreg, status,2, status,0, cstack
   307 ;; Tracked objects:
   308 ;;		On entry : 0/0
   309 ;;		On exit  : 0/0
   310 ;;		Unchanged: 0/0
   311 ;; Data sizes:     COMRAM   BANK0   BANK1   BANK2   BANK3   BANK4   BANK5   BANK6   BANK7   BANK8   BANK9  BANK10  BANK1
      +1  BANK12  BANK13  BANK14  BANK15
   312 ;;      Params:         0       0       0       0       0       0       0       0       0       0       0       0       
      +0       0       0       0       0
   313 ;;      Locals:         0       0       0       0       0       0       0       0       0       0       0       0       
      +0       0       0       0       0
   314 ;;      Temps:          0       0       0       0       0       0       0       0       0       0       0       0       
      +0       0       0       0       0
   315 ;;      Totals:         0       0       0       0       0       0       0       0       0       0       0       0       
      +0       0       0       0       0
   316 ;;Total ram usage:        0 bytes
   317 ;; Hardware stack levels used:    1
   318 ;; Hardware stack levels required when called:    2
   319 ;; This function calls:
   320 ;;		_ADC_Initialize
   321 ;;		_EUSART1_Initialize
   322 ;;		_OSCILLATOR_Initialize
   323 ;;		_PIN_MANAGER_Initialize
   324 ;; This function is called by:
   325 ;;		_main
   326 ;; This function uses a non-reentrant model
   327 ;;
   328                           
   329                           	psect	text1
   330  00FE78                     __ptext1:
   331                           	opt callstack 0
   332  00FE78                     _SYSTEM_Initialize:
   333                           	opt callstack 28
   334  00FE78                     
   335                           ;mcc_generated_files/mcc.c: 53:     PIN_MANAGER_Initialize();
   336  00FE78  ECAB  F07F         	call	_PIN_MANAGER_Initialize	;wreg free
   337                           
   338                           ;mcc_generated_files/mcc.c: 54:     OSCILLATOR_Initialize();
   339  00FE7C  EC2D  F07F         	call	_OSCILLATOR_Initialize	;wreg free
   340                           
   341                           ;mcc_generated_files/mcc.c: 55:     ADC_Initialize();
   342  00FE80  EC50  F07F         	call	_ADC_Initialize	;wreg free
   343  00FE84                     
   344                           ;mcc_generated_files/mcc.c: 56:     EUSART1_Initialize();
   345  00FE84  EC8C  F07F         	call	_EUSART1_Initialize	;wreg free
   346  00FE88  0012               	return		;funcret
   347  00FE8A                     __end_of_SYSTEM_Initialize:
   348                           	opt callstack 0
   349                           
   350 ;; *************** function _PIN_MANAGER_Initialize *****************
   351 ;; Defined at:
   352 ;;		line 55 in file "mcc_generated_files/pin_manager.c"
   353 ;; Parameters:    Size  Location     Type
   354 ;;		None
   355 ;; Auto vars:     Size  Location     Type
   356 ;;		None
   357 ;; Return value:  Size  Location     Type
   358 ;;                  1    wreg      void 
   359 ;; Registers used:
   360 ;;		wreg, status,2
   361 ;; Tracked objects:
   362 ;;		On entry : 0/0
   363 ;;		On exit  : 0/0
   364 ;;		Unchanged: 0/0
   365 ;; Data sizes:     COMRAM   BANK0   BANK1   BANK2   BANK3   BANK4   BANK5   BANK6   BANK7   BANK8   BANK9  BANK10  BANK1
      +1  BANK12  BANK13  BANK14  BANK15
   366 ;;      Params:         0       0       0       0       0       0       0       0       0       0       0       0       
      +0       0       0       0       0
   367 ;;      Locals:         0       0       0       0       0       0       0       0       0       0       0       0       
      +0       0       0       0       0
   368 ;;      Temps:          0       0       0       0       0       0       0       0       0       0       0       0       
      +0       0       0       0       0
   369 ;;      Totals:         0       0       0       0       0       0       0       0       0       0       0       0       
      +0       0       0       0       0
   370 ;;Total ram usage:        0 bytes
   371 ;; Hardware stack levels used:    1
   372 ;; This function calls:
   373 ;;		Nothing
   374 ;; This function is called by:
   375 ;;		_SYSTEM_Initialize
   376 ;; This function uses a non-reentrant model
   377 ;;
   378                           
   379                           	psect	text2
   380  00FF56                     __ptext2:
   381                           	opt callstack 0
   382  00FF56                     _PIN_MANAGER_Initialize:
   383                           	opt callstack 29
   384  00FF56                     
   385                           ;mcc_generated_files/pin_manager.c: 60:     LATE = 0x00;
   386  00FF56  0E00               	movlw	0
   387  00FF58  6E8D               	movwf	141,c	;volatile
   388                           
   389                           ;mcc_generated_files/pin_manager.c: 61:     LATD = 0x00;
   390  00FF5A  0E00               	movlw	0
   391  00FF5C  6E8C               	movwf	140,c	;volatile
   392                           
   393                           ;mcc_generated_files/pin_manager.c: 62:     LATA = 0x00;
   394  00FF5E  0E00               	movlw	0
   395  00FF60  6E89               	movwf	137,c	;volatile
   396                           
   397                           ;mcc_generated_files/pin_manager.c: 63:     LATB = 0x00;
   398  00FF62  0E00               	movlw	0
   399  00FF64  6E8A               	movwf	138,c	;volatile
   400                           
   401                           ;mcc_generated_files/pin_manager.c: 64:     LATC = 0x00;
   402  00FF66  0E00               	movlw	0
   403  00FF68  6E8B               	movwf	139,c	;volatile
   404                           
   405                           ;mcc_generated_files/pin_manager.c: 69:     TRISE = 0x07;
   406  00FF6A  0E07               	movlw	7
   407  00FF6C  6E96               	movwf	150,c	;volatile
   408  00FF6E                     
   409                           ;mcc_generated_files/pin_manager.c: 70:     TRISA = 0xFF;
   410  00FF6E  6892               	setf	146,c	;volatile
   411  00FF70                     
   412                           ;mcc_generated_files/pin_manager.c: 71:     TRISB = 0xFF;
   413  00FF70  6893               	setf	147,c	;volatile
   414                           
   415                           ;mcc_generated_files/pin_manager.c: 72:     TRISC = 0xBE;
   416  00FF72  0EBE               	movlw	190
   417  00FF74  6E94               	movwf	148,c	;volatile
   418  00FF76                     
   419                           ;mcc_generated_files/pin_manager.c: 73:     TRISD = 0xFF;
   420  00FF76  6895               	setf	149,c	;volatile
   421  00FF78                     
   422                           ;mcc_generated_files/pin_manager.c: 78:     ANSELD = 0xFF;
   423  00FF78  010F               	movlb	15	; () banked
   424  00FF7A  693B               	setf	59,b	;volatile
   425                           
   426                           ;mcc_generated_files/pin_manager.c: 79:     ANSELC = 0xBC;
   427  00FF7C  0EBC               	movlw	188
   428  00FF7E  6F3A               	movwf	58,b	;volatile
   429                           
   430                           ;mcc_generated_files/pin_manager.c: 80:     ANSELB = 0x3F;
   431  00FF80  0E3F               	movlw	63
   432  00FF82  6F39               	movwf	57,b	;volatile
   433                           
   434                           ;mcc_generated_files/pin_manager.c: 81:     ANSELE = 0x07;
   435  00FF84  0E07               	movlw	7
   436  00FF86  6F3C               	movwf	60,b	;volatile
   437                           
   438                           ;mcc_generated_files/pin_manager.c: 82:     ANSELA = 0x2F;
   439  00FF88  0E2F               	movlw	47
   440  00FF8A  6F38               	movwf	56,b	;volatile
   441                           
   442                           ;mcc_generated_files/pin_manager.c: 87:     WPUB = 0x00;
   443  00FF8C  0E00               	movlw	0
   444  00FF8E  6E61               	movwf	97,c	;volatile
   445  00FF90                     
   446                           ; BSR set to: 15
   447                           ;mcc_generated_files/pin_manager.c: 88:     INTCON2bits.nRBPU = 1;
   448  00FF90  8EF1               	bsf	241,7,c	;volatile
   449  00FF92                     
   450                           ; BSR set to: 15
   451  00FF92  0012               	return		;funcret
   452  00FF94                     __end_of_PIN_MANAGER_Initialize:
   453                           	opt callstack 0
   454                           
   455 ;; *************** function _OSCILLATOR_Initialize *****************
   456 ;; Defined at:
   457 ;;		line 59 in file "mcc_generated_files/mcc.c"
   458 ;; Parameters:    Size  Location     Type
   459 ;;		None
   460 ;; Auto vars:     Size  Location     Type
   461 ;;		None
   462 ;; Return value:  Size  Location     Type
   463 ;;                  1    wreg      void 
   464 ;; Registers used:
   465 ;;		wreg, status,2
   466 ;; Tracked objects:
   467 ;;		On entry : 0/0
   468 ;;		On exit  : 0/0
   469 ;;		Unchanged: 0/0
   470 ;; Data sizes:     COMRAM   BANK0   BANK1   BANK2   BANK3   BANK4   BANK5   BANK6   BANK7   BANK8   BANK9  BANK10  BANK1
      +1  BANK12  BANK13  BANK14  BANK15
   471 ;;      Params:         0       0       0       0       0       0       0       0       0       0       0       0       
      +0       0       0       0       0
   472 ;;      Locals:         0       0       0       0       0       0       0       0       0       0       0       0       
      +0       0       0       0       0
   473 ;;      Temps:          0       0       0       0       0       0       0       0       0       0       0       0       
      +0       0       0       0       0
   474 ;;      Totals:         0       0       0       0       0       0       0       0       0       0       0       0       
      +0       0       0       0       0
   475 ;;Total ram usage:        0 bytes
   476 ;; Hardware stack levels used:    1
   477 ;; This function calls:
   478 ;;		Nothing
   479 ;; This function is called by:
   480 ;;		_SYSTEM_Initialize
   481 ;; This function uses a non-reentrant model
   482 ;;
   483                           
   484                           	psect	text3
   485  00FE5A                     __ptext3:
   486                           	opt callstack 0
   487  00FE5A                     _OSCILLATOR_Initialize:
   488                           	opt callstack 29
   489  00FE5A                     
   490                           ;mcc_generated_files/mcc.c: 62:     OSCCON = 0x52;
   491  00FE5A  0E52               	movlw	82
   492  00FE5C  6ED3               	movwf	211,c	;volatile
   493                           
   494                           ;mcc_generated_files/mcc.c: 64:     OSCCON2 = 0x04;
   495  00FE5E  0E04               	movlw	4
   496  00FE60  6ED2               	movwf	210,c	;volatile
   497                           
   498                           ;mcc_generated_files/mcc.c: 66:     OSCTUNE = 0x00;
   499  00FE62  0E00               	movlw	0
   500  00FE64  6E9B               	movwf	155,c	;volatile
   501  00FE66  0012               	return		;funcret
   502  00FE68                     __end_of_OSCILLATOR_Initialize:
   503                           	opt callstack 0
   504                           
   505 ;; *************** function _EUSART1_Initialize *****************
   506 ;; Defined at:
   507 ;;		line 66 in file "mcc_generated_files/eusart1.c"
   508 ;; Parameters:    Size  Location     Type
   509 ;;		None
   510 ;; Auto vars:     Size  Location     Type
   511 ;;		None
   512 ;; Return value:  Size  Location     Type
   513 ;;                  1    wreg      void 
   514 ;; Registers used:
   515 ;;		wreg, status,2, status,0, cstack
   516 ;; Tracked objects:
   517 ;;		On entry : 0/0
   518 ;;		On exit  : 0/0
   519 ;;		Unchanged: 0/0
   520 ;; Data sizes:     COMRAM   BANK0   BANK1   BANK2   BANK3   BANK4   BANK5   BANK6   BANK7   BANK8   BANK9  BANK10  BANK1
      +1  BANK12  BANK13  BANK14  BANK15
   521 ;;      Params:         0       0       0       0       0       0       0       0       0       0       0       0       
      +0       0       0       0       0
   522 ;;      Locals:         0       0       0       0       0       0       0       0       0       0       0       0       
      +0       0       0       0       0
   523 ;;      Temps:          0       0       0       0       0       0       0       0       0       0       0       0       
      +0       0       0       0       0
   524 ;;      Totals:         0       0       0       0       0       0       0       0       0       0       0       0       
      +0       0       0       0       0
   525 ;;Total ram usage:        0 bytes
   526 ;; Hardware stack levels used:    1
   527 ;; Hardware stack levels required when called:    1
   528 ;; This function calls:
   529 ;;		_EUSART1_SetErrorHandler
   530 ;;		_EUSART1_SetFramingErrorHandler
   531 ;;		_EUSART1_SetOverrunErrorHandler
   532 ;; This function is called by:
   533 ;;		_SYSTEM_Initialize
   534 ;; This function uses a non-reentrant model
   535 ;;
   536                           
   537                           	psect	text4
   538  00FF18                     __ptext4:
   539                           	opt callstack 0
   540  00FF18                     _EUSART1_Initialize:
   541                           	opt callstack 28
   542  00FF18                     
   543                           ;mcc_generated_files/eusart1.c: 71:     BAUDCON1 = 0x08;
   544  00FF18  0E08               	movlw	8
   545  00FF1A  6EB8               	movwf	184,c	;volatile
   546                           
   547                           ;mcc_generated_files/eusart1.c: 74:     RCSTA1 = 0x80;
   548  00FF1C  0E80               	movlw	128
   549  00FF1E  6EAB               	movwf	171,c	;volatile
   550                           
   551                           ;mcc_generated_files/eusart1.c: 77:     TXSTA1 = 0x24;
   552  00FF20  0E24               	movlw	36
   553  00FF22  6EAC               	movwf	172,c	;volatile
   554                           
   555                           ;mcc_generated_files/eusart1.c: 80:     SPBRG1 = 0x08;
   556  00FF24  0E08               	movlw	8
   557  00FF26  6EAF               	movwf	175,c	;volatile
   558                           
   559                           ;mcc_generated_files/eusart1.c: 83:     SPBRGH1 = 0x00;
   560  00FF28  0E00               	movlw	0
   561  00FF2A  6EB0               	movwf	176,c	;volatile
   562  00FF2C                     
   563                           ;mcc_generated_files/eusart1.c: 86:     EUSART1_SetFramingErrorHandler(EUSART1_DefaultFr
      +                          amingErrorHandler);
   564  00FF2C  0E00               	movlw	0
   565  00FF2E  6E01               	movwf	EUSART1_SetFramingErrorHandler@interruptHandler^0,c
   566  00FF30  0E00               	movlw	0
   567  00FF32  6E02               	movwf	(EUSART1_SetFramingErrorHandler@interruptHandler+1)^0,c
   568  00FF34  EC23  F07F         	call	_EUSART1_SetFramingErrorHandler	;wreg free
   569  00FF38                     
   570                           ;mcc_generated_files/eusart1.c: 87:     EUSART1_SetOverrunErrorHandler(EUSART1_DefaultOv
      +                          errunErrorHandler);
   571  00FF38  0E00               	movlw	0
   572  00FF3A  6E01               	movwf	EUSART1_SetOverrunErrorHandler@interruptHandler^0,c
   573  00FF3C  0E00               	movlw	0
   574  00FF3E  6E02               	movwf	(EUSART1_SetOverrunErrorHandler@interruptHandler+1)^0,c
   575  00FF40  EC28  F07F         	call	_EUSART1_SetOverrunErrorHandler	;wreg free
   576  00FF44                     
   577                           ;mcc_generated_files/eusart1.c: 88:     EUSART1_SetErrorHandler(EUSART1_DefaultErrorHand
      +                          ler);
   578  00FF44  0E00               	movlw	0
   579  00FF46  6E01               	movwf	EUSART1_SetErrorHandler@interruptHandler^0,c
   580  00FF48  0E00               	movlw	0
   581  00FF4A  6E02               	movwf	(EUSART1_SetErrorHandler@interruptHandler+1)^0,c
   582  00FF4C  EC1E  F07F         	call	_EUSART1_SetErrorHandler	;wreg free
   583  00FF50                     
   584                           ;mcc_generated_files/eusart1.c: 90:     eusart1RxLastError.status = 0;
   585  00FF50  0E00               	movlw	0
   586  00FF52  6E13               	movwf	_eusart1RxLastError^0,c	;volatile
   587  00FF54  0012               	return		;funcret
   588  00FF56                     __end_of_EUSART1_Initialize:
   589                           	opt callstack 0
   590                           
   591 ;; *************** function _EUSART1_SetOverrunErrorHandler *****************
   592 ;; Defined at:
   593 ;;		line 161 in file "mcc_generated_files/eusart1.c"
   594 ;; Parameters:    Size  Location     Type
   595 ;;  interruptHan    2    0[COMRAM] PTR FTN()void 
   596 ;;		 -> EUSART1_DefaultOverrunErrorHandler(1), 
   597 ;; Auto vars:     Size  Location     Type
   598 ;;		None
   599 ;; Return value:  Size  Location     Type
   600 ;;                  1    wreg      void 
   601 ;; Registers used:
   602 ;;		wreg, status,2, status,0
   603 ;; Tracked objects:
   604 ;;		On entry : 0/0
   605 ;;		On exit  : 0/0
   606 ;;		Unchanged: 0/0
   607 ;; Data sizes:     COMRAM   BANK0   BANK1   BANK2   BANK3   BANK4   BANK5   BANK6   BANK7   BANK8   BANK9  BANK10  BANK1
      +1  BANK12  BANK13  BANK14  BANK15
   608 ;;      Params:         2       0       0       0       0       0       0       0       0       0       0       0       
      +0       0       0       0       0
   609 ;;      Locals:         0       0       0       0       0       0       0       0       0       0       0       0       
      +0       0       0       0       0
   610 ;;      Temps:          0       0       0       0       0       0       0       0       0       0       0       0       
      +0       0       0       0       0
   611 ;;      Totals:         2       0       0       0       0       0       0       0       0       0       0       0       
      +0       0       0       0       0
   612 ;;Total ram usage:        2 bytes
   613 ;; Hardware stack levels used:    1
   614 ;; This function calls:
   615 ;;		Nothing
   616 ;; This function is called by:
   617 ;;		_EUSART1_Initialize
   618 ;; This function uses a non-reentrant model
   619 ;;
   620                           
   621                           	psect	text5
   622  00FE50                     __ptext5:
   623                           	opt callstack 0
   624  00FE50                     _EUSART1_SetOverrunErrorHandler:
   625                           	opt callstack 28
   626  00FE50                     
   627                           ;mcc_generated_files/eusart1.c: 162:     EUSART1_OverrunErrorHandler = interruptHandler;
   628  00FE50  C001  F00D         	movff	EUSART1_SetOverrunErrorHandler@interruptHandler,_EUSART1_OverrunErrorHandler
   629  00FE54  C002  F00E         	movff	EUSART1_SetOverrunErrorHandler@interruptHandler+1,_EUSART1_OverrunErrorHandler+1
   630  00FE58  0012               	return		;funcret
   631  00FE5A                     __end_of_EUSART1_SetOverrunErrorHandler:
   632                           	opt callstack 0
   633                           
   634 ;; *************** function _EUSART1_SetFramingErrorHandler *****************
   635 ;; Defined at:
   636 ;;		line 157 in file "mcc_generated_files/eusart1.c"
   637 ;; Parameters:    Size  Location     Type
   638 ;;  interruptHan    2    0[COMRAM] PTR FTN()void 
   639 ;;		 -> EUSART1_DefaultFramingErrorHandler(1), 
   640 ;; Auto vars:     Size  Location     Type
   641 ;;		None
   642 ;; Return value:  Size  Location     Type
   643 ;;                  1    wreg      void 
   644 ;; Registers used:
   645 ;;		wreg, status,2, status,0
   646 ;; Tracked objects:
   647 ;;		On entry : 0/0
   648 ;;		On exit  : 0/0
   649 ;;		Unchanged: 0/0
   650 ;; Data sizes:     COMRAM   BANK0   BANK1   BANK2   BANK3   BANK4   BANK5   BANK6   BANK7   BANK8   BANK9  BANK10  BANK1
      +1  BANK12  BANK13  BANK14  BANK15
   651 ;;      Params:         2       0       0       0       0       0       0       0       0       0       0       0       
      +0       0       0       0       0
   652 ;;      Locals:         0       0       0       0       0       0       0       0       0       0       0       0       
      +0       0       0       0       0
   653 ;;      Temps:          0       0       0       0       0       0       0       0       0       0       0       0       
      +0       0       0       0       0
   654 ;;      Totals:         2       0       0       0       0       0       0       0       0       0       0       0       
      +0       0       0       0       0
   655 ;;Total ram usage:        2 bytes
   656 ;; Hardware stack levels used:    1
   657 ;; This function calls:
   658 ;;		Nothing
   659 ;; This function is called by:
   660 ;;		_EUSART1_Initialize
   661 ;; This function uses a non-reentrant model
   662 ;;
   663                           
   664                           	psect	text6
   665  00FE46                     __ptext6:
   666                           	opt callstack 0
   667  00FE46                     _EUSART1_SetFramingErrorHandler:
   668                           	opt callstack 28
   669  00FE46                     
   670                           ;mcc_generated_files/eusart1.c: 158:     EUSART1_FramingErrorHandler = interruptHandler;
   671  00FE46  C001  F00F         	movff	EUSART1_SetFramingErrorHandler@interruptHandler,_EUSART1_FramingErrorHandler
   672  00FE4A  C002  F010         	movff	EUSART1_SetFramingErrorHandler@interruptHandler+1,_EUSART1_FramingErrorHandler+1
   673  00FE4E  0012               	return		;funcret
   674  00FE50                     __end_of_EUSART1_SetFramingErrorHandler:
   675                           	opt callstack 0
   676                           
   677 ;; *************** function _EUSART1_SetErrorHandler *****************
   678 ;; Defined at:
   679 ;;		line 165 in file "mcc_generated_files/eusart1.c"
   680 ;; Parameters:    Size  Location     Type
   681 ;;  interruptHan    2    0[COMRAM] PTR FTN()void 
   682 ;;		 -> EUSART1_DefaultErrorHandler(1), 
   683 ;; Auto vars:     Size  Location     Type
   684 ;;		None
   685 ;; Return value:  Size  Location     Type
   686 ;;                  1    wreg      void 
   687 ;; Registers used:
   688 ;;		wreg, status,2, status,0
   689 ;; Tracked objects:
   690 ;;		On entry : 0/0
   691 ;;		On exit  : 0/0
   692 ;;		Unchanged: 0/0
   693 ;; Data sizes:     COMRAM   BANK0   BANK1   BANK2   BANK3   BANK4   BANK5   BANK6   BANK7   BANK8   BANK9  BANK10  BANK1
      +1  BANK12  BANK13  BANK14  BANK15
   694 ;;      Params:         2       0       0       0       0       0       0       0       0       0       0       0       
      +0       0       0       0       0
   695 ;;      Locals:         0       0       0       0       0       0       0       0       0       0       0       0       
      +0       0       0       0       0
   696 ;;      Temps:          0       0       0       0       0       0       0       0       0       0       0       0       
      +0       0       0       0       0
   697 ;;      Totals:         2       0       0       0       0       0       0       0       0       0       0       0       
      +0       0       0       0       0
   698 ;;Total ram usage:        2 bytes
   699 ;; Hardware stack levels used:    1
   700 ;; This function calls:
   701 ;;		Nothing
   702 ;; This function is called by:
   703 ;;		_EUSART1_Initialize
   704 ;; This function uses a non-reentrant model
   705 ;;
   706                           
   707                           	psect	text7
   708  00FE3C                     __ptext7:
   709                           	opt callstack 0
   710  00FE3C                     _EUSART1_SetErrorHandler:
   711                           	opt callstack 28
   712  00FE3C                     
   713                           ;mcc_generated_files/eusart1.c: 166:     EUSART1_ErrorHandler = interruptHandler;
   714  00FE3C  C001  F00B         	movff	EUSART1_SetErrorHandler@interruptHandler,_EUSART1_ErrorHandler
   715  00FE40  C002  F00C         	movff	EUSART1_SetErrorHandler@interruptHandler+1,_EUSART1_ErrorHandler+1
   716  00FE44  0012               	return		;funcret
   717  00FE46                     __end_of_EUSART1_SetErrorHandler:
   718                           	opt callstack 0
   719                           
   720 ;; *************** function _ADC_Initialize *****************
   721 ;; Defined at:
   722 ;;		line 62 in file "mcc_generated_files/adc.c"
   723 ;; Parameters:    Size  Location     Type
   724 ;;		None
   725 ;; Auto vars:     Size  Location     Type
   726 ;;		None
   727 ;; Return value:  Size  Location     Type
   728 ;;                  1    wreg      void 
   729 ;; Registers used:
   730 ;;		wreg, status,2
   731 ;; Tracked objects:
   732 ;;		On entry : 0/0
   733 ;;		On exit  : 0/0
   734 ;;		Unchanged: 0/0
   735 ;; Data sizes:     COMRAM   BANK0   BANK1   BANK2   BANK3   BANK4   BANK5   BANK6   BANK7   BANK8   BANK9  BANK10  BANK1
      +1  BANK12  BANK13  BANK14  BANK15
   736 ;;      Params:         0       0       0       0       0       0       0       0       0       0       0       0       
      +0       0       0       0       0
   737 ;;      Locals:         0       0       0       0       0       0       0       0       0       0       0       0       
      +0       0       0       0       0
   738 ;;      Temps:          0       0       0       0       0       0       0       0       0       0       0       0       
      +0       0       0       0       0
   739 ;;      Totals:         0       0       0       0       0       0       0       0       0       0       0       0       
      +0       0       0       0       0
   740 ;;Total ram usage:        0 bytes
   741 ;; Hardware stack levels used:    1
   742 ;; This function calls:
   743 ;;		Nothing
   744 ;; This function is called by:
   745 ;;		_SYSTEM_Initialize
   746 ;; This function uses a non-reentrant model
   747 ;;
   748                           
   749                           	psect	text8
   750  00FEA0                     __ptext8:
   751                           	opt callstack 0
   752  00FEA0                     _ADC_Initialize:
   753                           	opt callstack 29
   754  00FEA0                     
   755                           ;mcc_generated_files/adc.c: 67:     ADCON0 = 0x01;
   756  00FEA0  0E01               	movlw	1
   757  00FEA2  6EC2               	movwf	194,c	;volatile
   758                           
   759                           ;mcc_generated_files/adc.c: 70:     ADCON1 = 0x00;
   760  00FEA4  0E00               	movlw	0
   761  00FEA6  6EC1               	movwf	193,c	;volatile
   762                           
   763                           ;mcc_generated_files/adc.c: 73:     ADCON2 = 0x84;
   764  00FEA8  0E84               	movlw	132
   765  00FEAA  6EC0               	movwf	192,c	;volatile
   766                           
   767                           ;mcc_generated_files/adc.c: 76:     ADRESL = 0x00;
   768  00FEAC  0E00               	movlw	0
   769  00FEAE  6EC3               	movwf	195,c	;volatile
   770                           
   771                           ;mcc_generated_files/adc.c: 79:     ADRESH = 0x00;
   772  00FEB0  0E00               	movlw	0
   773  00FEB2  6EC4               	movwf	196,c	;volatile
   774  00FEB4  0012               	return		;funcret
   775  00FEB6                     __end_of_ADC_Initialize:
   776                           	opt callstack 0
   777                           
   778 ;; *************** function _EUSART1_is_tx_ready *****************
   779 ;; Defined at:
   780 ;;		line 94 in file "mcc_generated_files/eusart1.c"
   781 ;; Parameters:    Size  Location     Type
   782 ;;		None
   783 ;; Auto vars:     Size  Location     Type
   784 ;;		None
   785 ;; Return value:  Size  Location     Type
   786 ;;                  1    wreg      _Bool 
   787 ;; Registers used:
   788 ;;		wreg, status,2
   789 ;; Tracked objects:
   790 ;;		On entry : 0/0
   791 ;;		On exit  : 0/0
   792 ;;		Unchanged: 0/0
   793 ;; Data sizes:     COMRAM   BANK0   BANK1   BANK2   BANK3   BANK4   BANK5   BANK6   BANK7   BANK8   BANK9  BANK10  BANK1
      +1  BANK12  BANK13  BANK14  BANK15
   794 ;;      Params:         0       0       0       0       0       0       0       0       0       0       0       0       
      +0       0       0       0       0
   795 ;;      Locals:         1       0       0       0       0       0       0       0       0       0       0       0       
      +0       0       0       0       0
   796 ;;      Temps:          0       0       0       0       0       0       0       0       0       0       0       0       
      +0       0       0       0       0
   797 ;;      Totals:         1       0       0       0       0       0       0       0       0       0       0       0       
      +0       0       0       0       0
   798 ;;Total ram usage:        1 bytes
   799 ;; Hardware stack levels used:    1
   800 ;; This function calls:
   801 ;;		Nothing
   802 ;; This function is called by:
   803 ;;		_main
   804 ;; This function uses a non-reentrant model
   805 ;;
   806                           
   807                           	psect	text9
   808  00FEB6                     __ptext9:
   809                           	opt callstack 0
   810  00FEB6                     _EUSART1_is_tx_ready:
   811                           	opt callstack 30
   812  00FEB6                     
   813                           ;mcc_generated_files/eusart1.c: 96:     return (_Bool)(PIR1bits.TX1IF && TXSTA1bits.TXEN
      +                          );
   814  00FEB6  0E00               	movlw	0
   815  00FEB8  6E01               	movwf	_EUSART1_is_tx_ready$431^0,c
   816  00FEBA  A89E               	btfss	158,4,c	;volatile
   817  00FEBC  EF62  F07F         	goto	u91
   818  00FEC0  EF64  F07F         	goto	u90
   819  00FEC4                     u91:
   820  00FEC4  EF6D  F07F         	goto	l112
   821  00FEC8                     u90:
   822  00FEC8  AAAC               	btfss	172,5,c	;volatile
   823  00FECA  EF69  F07F         	goto	u101
   824  00FECE  EF6B  F07F         	goto	u100
   825  00FED2                     u101:
   826  00FED2  EF6D  F07F         	goto	l112
   827  00FED6                     u100:
   828  00FED6  0E01               	movlw	1
   829  00FED8  6E01               	movwf	_EUSART1_is_tx_ready$431^0,c
   830  00FEDA                     l112:
   831  00FEDA  5001               	movf	_EUSART1_is_tx_ready$431^0,w,c
   832  00FEDC  0012               	return		;funcret
   833  00FEDE                     __end_of_EUSART1_is_tx_ready:
   834                           	opt callstack 0
   835                           
   836 ;; *************** function _EUSART1_Write *****************
   837 ;; Defined at:
   838 ;;		line 132 in file "mcc_generated_files/eusart1.c"
   839 ;; Parameters:    Size  Location     Type
   840 ;;  txData          1    wreg     unsigned char 
   841 ;; Auto vars:     Size  Location     Type
   842 ;;  txData          1    0[COMRAM] unsigned char 
   843 ;; Return value:  Size  Location     Type
   844 ;;                  1    wreg      void 
   845 ;; Registers used:
   846 ;;		wreg
   847 ;; Tracked objects:
   848 ;;		On entry : 0/0
   849 ;;		On exit  : 0/0
   850 ;;		Unchanged: 0/0
   851 ;; Data sizes:     COMRAM   BANK0   BANK1   BANK2   BANK3   BANK4   BANK5   BANK6   BANK7   BANK8   BANK9  BANK10  BANK1
      +1  BANK12  BANK13  BANK14  BANK15
   852 ;;      Params:         0       0       0       0       0       0       0       0       0       0       0       0       
      +0       0       0       0       0
   853 ;;      Locals:         1       0       0       0       0       0       0       0       0       0       0       0       
      +0       0       0       0       0
   854 ;;      Temps:          0       0       0       0       0       0       0       0       0       0       0       0       
      +0       0       0       0       0
   855 ;;      Totals:         1       0       0       0       0       0       0       0       0       0       0       0       
      +0       0       0       0       0
   856 ;;Total ram usage:        1 bytes
   857 ;; Hardware stack levels used:    1
   858 ;; This function calls:
   859 ;;		Nothing
   860 ;; This function is called by:
   861 ;;		_main
   862 ;; This function uses a non-reentrant model
   863 ;;
   864                           
   865                           	psect	text10
   866  00FE8A                     __ptext10:
   867                           	opt callstack 0
   868  00FE8A                     _EUSART1_Write:
   869                           	opt callstack 30
   870                           
   871                           ;incstack = 0
   872                           ;EUSART1_Write@txData stored from wreg
   873  00FE8A  6E01               	movwf	EUSART1_Write@txData^0,c
   874  00FE8C                     l132:
   875                           
   876                           ;mcc_generated_files/eusart1.c: 134:     while(0 == PIR1bits.TX1IF)
   877  00FE8C  A89E               	btfss	158,4,c	;volatile
   878  00FE8E  EF4B  F07F         	goto	u41
   879  00FE92  EF4D  F07F         	goto	u40
   880  00FE96                     u41:
   881  00FE96  EF46  F07F         	goto	l132
   882  00FE9A                     u40:
   883  00FE9A                     
   884                           ;mcc_generated_files/eusart1.c: 138:     TXREG1 = txData;
   885  00FE9A  C001  FFAD         	movff	EUSART1_Write@txData,4013	;volatile
   886  00FE9E  0012               	return		;funcret
   887  00FEA0                     __end_of_EUSART1_Write:
   888                           	opt callstack 0
   889                           
   890 ;; *************** function _ADC_GetConversion *****************
   891 ;; Defined at:
   892 ;;		line 110 in file "mcc_generated_files/adc.c"
   893 ;; Parameters:    Size  Location     Type
   894 ;;  channel         1    wreg     enum E5999
   895 ;; Auto vars:     Size  Location     Type
   896 ;;  channel         1    4[COMRAM] enum E5999
   897 ;; Return value:  Size  Location     Type
   898 ;;                  2    0[COMRAM] unsigned short 
   899 ;; Registers used:
   900 ;;		wreg, status,2, status,0
   901 ;; Tracked objects:
   902 ;;		On entry : 0/0
   903 ;;		On exit  : 0/0
   904 ;;		Unchanged: 0/0
   905 ;; Data sizes:     COMRAM   BANK0   BANK1   BANK2   BANK3   BANK4   BANK5   BANK6   BANK7   BANK8   BANK9  BANK10  BANK1
      +1  BANK12  BANK13  BANK14  BANK15
   906 ;;      Params:         2       0       0       0       0       0       0       0       0       0       0       0       
      +0       0       0       0       0
   907 ;;      Locals:         1       0       0       0       0       0       0       0       0       0       0       0       
      +0       0       0       0       0
   908 ;;      Temps:          2       0       0       0       0       0       0       0       0       0       0       0       
      +0       0       0       0       0
   909 ;;      Totals:         5       0       0       0       0       0       0       0       0       0       0       0       
      +0       0       0       0       0
   910 ;;Total ram usage:        5 bytes
   911 ;; Hardware stack levels used:    1
   912 ;; This function calls:
   913 ;;		Nothing
   914 ;; This function is called by:
   915 ;;		_main
   916 ;; This function uses a non-reentrant model
   917 ;;
   918                           
   919                           	psect	text11
   920  00FEDE                     __ptext11:
   921                           	opt callstack 0
   922  00FEDE                     _ADC_GetConversion:
   923                           	opt callstack 30
   924                           
   925                           ;incstack = 0
   926                           ;ADC_GetConversion@channel stored from wreg
   927  00FEDE  6E05               	movwf	ADC_GetConversion@channel^0,c
   928  00FEE0                     
   929                           ;mcc_generated_files/adc.c: 110: adc_result_t ADC_GetConversion(adc_channel_t channel);m
      +                          cc_generated_files/adc.c: 111: {;mcc_generated_files/adc.c: 113:     ADCON0bits.CHS = ch
      +                          annel;
   930  00FEE0  C005  F003         	movff	ADC_GetConversion@channel,??_ADC_GetConversion
   931  00FEE4  4603               	rlncf	??_ADC_GetConversion^0,f,c
   932  00FEE6  4603               	rlncf	??_ADC_GetConversion^0,f,c
   933  00FEE8  50C2               	movf	194,w,c	;volatile
   934  00FEEA  1803               	xorwf	??_ADC_GetConversion^0,w,c
   935  00FEEC  0B83               	andlw	-125
   936  00FEEE  1803               	xorwf	??_ADC_GetConversion^0,w,c
   937  00FEF0  6EC2               	movwf	194,c	;volatile
   938  00FEF2                     
   939                           ;mcc_generated_files/adc.c: 116:     ADCON0bits.ADON = 1;
   940  00FEF2  80C2               	bsf	194,0,c	;volatile
   941  00FEF4                     
   942                           ;mcc_generated_files/adc.c: 119:     ADCON0bits.GO_nDONE = 1;
   943  00FEF4  82C2               	bsf	194,1,c	;volatile
   944  00FEF6                     l34:
   945                           
   946                           ;mcc_generated_files/adc.c: 122:     while (ADCON0bits.GO_nDONE)
   947  00FEF6  B2C2               	btfsc	194,1,c	;volatile
   948  00FEF8  EF80  F07F         	goto	u81
   949  00FEFC  EF82  F07F         	goto	u80
   950  00FF00                     u81:
   951  00FF00  EF7B  F07F         	goto	l34
   952  00FF04                     u80:
   953  00FF04                     
   954                           ;mcc_generated_files/adc.c: 127:     return ((adc_result_t)((ADRESH << 8) + ADRESL));
   955  00FF04  50C4               	movf	196,w,c	;volatile
   956  00FF06  6E04               	movwf	(??_ADC_GetConversion+1)^0,c
   957  00FF08  6A03               	clrf	??_ADC_GetConversion^0,c
   958  00FF0A  50C3               	movf	195,w,c	;volatile
   959  00FF0C  2403               	addwf	??_ADC_GetConversion^0,w,c
   960  00FF0E  6E01               	movwf	?_ADC_GetConversion^0,c
   961  00FF10  0E00               	movlw	0
   962  00FF12  2004               	addwfc	(??_ADC_GetConversion+1)^0,w,c
   963  00FF14  6E02               	movwf	(?_ADC_GetConversion+1)^0,c
   964  00FF16  0012               	return		;funcret
   965  00FF18                     __end_of_ADC_GetConversion:
   966                           	opt callstack 0
   967  0000                     
   968                           	psect	rparam
   969  0000                     tosu	equ	0xFFF
   970                           tosh	equ	0xFFE
   971                           tosl	equ	0xFFD
   972                           stkptr	equ	0xFFC
   973                           pclatu	equ	0xFFB
   974                           pclath	equ	0xFFA
   975                           pcl	equ	0xFF9
   976                           tblptru	equ	0xFF8
   977                           tblptrh	equ	0xFF7
   978                           tblptrl	equ	0xFF6
   979                           tablat	equ	0xFF5
   980                           prodh	equ	0xFF4
   981                           prodl	equ	0xFF3
   982                           indf0	equ	0xFEF
   983                           postinc0	equ	0xFEE
   984                           postdec0	equ	0xFED
   985                           preinc0	equ	0xFEC
   986                           plusw0	equ	0xFEB
   987                           fsr0h	equ	0xFEA
   988                           fsr0l	equ	0xFE9
   989                           wreg	equ	0xFE8
   990                           indf1	equ	0xFE7
   991                           postinc1	equ	0xFE6
   992                           postdec1	equ	0xFE5
   993                           preinc1	equ	0xFE4
   994                           plusw1	equ	0xFE3
   995                           fsr1h	equ	0xFE2
   996                           fsr1l	equ	0xFE1
   997                           bsr	equ	0xFE0
   998                           indf2	equ	0xFDF
   999                           postinc2	equ	0xFDE
  1000                           postdec2	equ	0xFDD
  1001                           preinc2	equ	0xFDC
  1002                           plusw2	equ	0xFDB
  1003                           fsr2h	equ	0xFDA
  1004                           fsr2l	equ	0xFD9
  1005                           status	equ	0xFD8


Data Sizes:
    Strings     0
    Constant    0
    Data        0
    BSS         3
    Persistent  6
    Stack       0

Auto Spaces:
    Space          Size  Autos    Used
    COMRAM           95     10      19
    BANK0           160      0       0
    BANK1           256      0       0
    BANK2           256      0       0
    BANK3           256      0       0
    BANK4           256      0       0
    BANK5           256      0       0
    BANK6           256      0       0
    BANK7           256      0       0
    BANK8           256      0       0
    BANK9           256      0       0
    BANK10          256      0       0
    BANK11          256      0       0
    BANK12          256      0       0
    BANK13          256      0       0
    BANK14          256      0       0
    BANK15           56      0       0

Pointer List with Targets:

    ADC_InterruptHandler	PTR FTN()void  size(2) Largest target is 1
		 -> Absolute function(), 

    EUSART1_SetErrorHandler@interruptHandler	PTR FTN()void  size(2) Largest target is 1
		 -> EUSART1_DefaultErrorHandler(), 

    EUSART1_ErrorHandler	PTR FTN()void  size(2) Largest target is 1
		 -> Absolute function(), EUSART1_DefaultErrorHandler(), 

    EUSART1_SetOverrunErrorHandler@interruptHandler	PTR FTN()void  size(2) Largest target is 1
		 -> EUSART1_DefaultOverrunErrorHandler(), 

    EUSART1_OverrunErrorHandler	PTR FTN()void  size(2) Largest target is 1
		 -> Absolute function(), EUSART1_DefaultOverrunErrorHandler(), 

    EUSART1_SetFramingErrorHandler@interruptHandler	PTR FTN()void  size(2) Largest target is 1
		 -> EUSART1_DefaultFramingErrorHandler(), 

    EUSART1_FramingErrorHandler	PTR FTN()void  size(2) Largest target is 1
		 -> Absolute function(), EUSART1_DefaultFramingErrorHandler(), 


Critical Paths under _main in COMRAM

    _main->_ADC_GetConversion
    _EUSART1_Initialize->_EUSART1_SetErrorHandler
    _EUSART1_Initialize->_EUSART1_SetFramingErrorHandler
    _EUSART1_Initialize->_EUSART1_SetOverrunErrorHandler

Critical Paths under _main in BANK0

    None.

Critical Paths under _main in BANK1

    None.

Critical Paths under _main in BANK2

    None.

Critical Paths under _main in BANK3

    None.

Critical Paths under _main in BANK4

    None.

Critical Paths under _main in BANK5

    None.

Critical Paths under _main in BANK6

    None.

Critical Paths under _main in BANK7

    None.

Critical Paths under _main in BANK8

    None.

Critical Paths under _main in BANK9

    None.

Critical Paths under _main in BANK10

    None.

Critical Paths under _main in BANK11

    None.

Critical Paths under _main in BANK12

    None.

Critical Paths under _main in BANK13

    None.

Critical Paths under _main in BANK14

    None.

Critical Paths under _main in BANK15

    None.

Call Graph Tables:

 ---------------------------------------------------------------------------------
 (Depth) Function   	        Calls       Base Space   Used Autos Params    Refs
 ---------------------------------------------------------------------------------
 (0) _main                                                 5     5      0     401
                                              5 COMRAM     5     5      0
                  _ADC_GetConversion
                      _EUSART1_Write
                _EUSART1_is_tx_ready
                  _SYSTEM_Initialize
 ---------------------------------------------------------------------------------
 (1) _SYSTEM_Initialize                                    0     0      0     294
                     _ADC_Initialize
                 _EUSART1_Initialize
              _OSCILLATOR_Initialize
             _PIN_MANAGER_Initialize
 ---------------------------------------------------------------------------------
 (2) _PIN_MANAGER_Initialize                               0     0      0       0
 ---------------------------------------------------------------------------------
 (2) _OSCILLATOR_Initialize                                0     0      0       0
 ---------------------------------------------------------------------------------
 (2) _EUSART1_Initialize                                   0     0      0     294
            _EUSART1_SetErrorHandler
     _EUSART1_SetFramingErrorHandler
     _EUSART1_SetOverrunErrorHandler
 ---------------------------------------------------------------------------------
 (3) _EUSART1_SetOverrunErrorHandler                       2     0      2      98
                                              0 COMRAM     2     0      2
 ---------------------------------------------------------------------------------
 (3) _EUSART1_SetFramingErrorHandler                       2     0      2      98
                                              0 COMRAM     2     0      2
 ---------------------------------------------------------------------------------
 (3) _EUSART1_SetErrorHandler                              2     0      2      98
                                              0 COMRAM     2     0      2
 ---------------------------------------------------------------------------------
 (2) _ADC_Initialize                                       0     0      0       0
 ---------------------------------------------------------------------------------
 (1) _EUSART1_is_tx_ready                                  1     1      0      24
                                              0 COMRAM     1     1      0
 ---------------------------------------------------------------------------------
 (1) _EUSART1_Write                                        1     1      0      15
                                              0 COMRAM     1     1      0
 ---------------------------------------------------------------------------------
 (1) _ADC_GetConversion                                    5     3      2      22
                                              0 COMRAM     5     3      2
 ---------------------------------------------------------------------------------
 Estimated maximum stack depth 3
 ---------------------------------------------------------------------------------

 Call Graph Graphs:

 _main (ROOT)
   _ADC_GetConversion
   _EUSART1_Write
   _EUSART1_is_tx_ready
   _SYSTEM_Initialize
     _ADC_Initialize
     _EUSART1_Initialize
       _EUSART1_SetErrorHandler
       _EUSART1_SetFramingErrorHandler
       _EUSART1_SetOverrunErrorHandler
     _OSCILLATOR_Initialize
     _PIN_MANAGER_Initialize

 Address spaces:
Name               Size   Autos  Total    Cost      Usage
BIGRAM             F37      0       0      37        0.0%
EEDATA             400      0       0       0        0.0%
BITBANK14          100      0       0      33        0.0%
BANK14             100      0       0      34        0.0%
BITBANK13          100      0       0      31        0.0%
BANK13             100      0       0      32        0.0%
BITBANK12          100      0       0      29        0.0%
BANK12             100      0       0      30        0.0%
BITBANK11          100      0       0      27        0.0%
BANK11             100      0       0      28        0.0%
BITBANK10          100      0       0      25        0.0%
BANK10             100      0       0      26        0.0%
BITBANK9           100      0       0      23        0.0%
BANK9              100      0       0      24        0.0%
BITBANK8           100      0       0      21        0.0%
BANK8              100      0       0      22        0.0%
BITBANK7           100      0       0      19        0.0%
BANK7              100      0       0      20        0.0%
BITBANK6           100      0       0      17        0.0%
BANK6              100      0       0      18        0.0%
BITBANK5           100      0       0      15        0.0%
BANK5              100      0       0      16        0.0%
BITBANK4           100      0       0      13        0.0%
BANK4              100      0       0      14        0.0%
BITBANK3           100      0       0      10        0.0%
BANK3              100      0       0      11        0.0%
BITBANK2           100      0       0       8        0.0%
BANK2              100      0       0       9        0.0%
BITBANK1           100      0       0       6        0.0%
BANK1              100      0       0       7        0.0%
BITBANK0            A0      0       0       4        0.0%
BANK0               A0      0       0       5        0.0%
BITCOMRAM           5F      0       0       0        0.0%
COMRAM              5F      A      13       1       20.0%
BITBANK15           38      0       0      35        0.0%
BANK15              38      0       0      36        0.0%
BITSFR_1             0      0       0     200        0.0%
SFR_1                0      0       0     200        0.0%
BITSFR               0      0       0     200        0.0%
SFR                  0      0       0     200        0.0%
STACK                0      0       0       2        0.0%
NULL                 0      0       0       0        0.0%
ABS                  0      0      13      12        0.0%
DATA                 0      0      13       3        0.0%
CODE                 0      0       0       0        0.0%


Microchip Technology PIC18 Macro Assembler V2.10 build 88905656 
Symbol Table                                                                                   Sat Mar 21 11:01:23 2020

                                            l34 FEF6                                              l19 FEB4  
                                            l37 FF16                                              l57 FF98  
                                            u40 FE9A                                              u41 FE96  
                                            u80 FF04                                              u81 FF00  
                                            u90 FEC8                                              u91 FEC4  
                                  __CFG_CP0$OFF 000000                                    __CFG_CP1$OFF 000000  
                                  __CFG_CP2$OFF 000000                                    __CFG_CP3$OFF 000000  
                                   __CFG_LVP$ON 000000                                             l112 FEDA  
                                           l113 FEDC                                             l132 FE8C  
                                           l108 FF54                                             l212 FF92  
                                           l150 FE58                                             l135 FE9E  
                                           l153 FE44                                             l170 FE88  
                                           l147 FE4E                                             l173 FE66  
                                           l911 FF6E                                             l921 FE5A  
                                           l913 FF70                                             l915 FF76  
                                           l917 FF78                                             l909 FF56  
                                           l919 FF90                                             l947 FE8C  
                                           l949 FE9A                                             l897 FEA0  
                                  __CFG_CPB$OFF 000000                                             u100 FED6  
                                           u101 FED2                                             u110 FFD2  
                                           u111 FFCE                                             u127 FFE0  
                                           u137 FFF0                                    __CFG_CPD$OFF 000000  
                                   main@adcData 000A                                             wreg 000FE8  
                                    _TXSTA1bits 000FAC                                            l1011 FE50  
                                          l1013 FE3C                                            l1021 FF44  
                                          l1031 FF04                                            l1023 FF50  
                                          l1015 FF18                                            l1025 FEE0  
                                          l1041 FEBA                                            l1009 FE46  
                                          l1017 FF2C                                            l1027 FEF2  
                                          l1043 FEC8                                            l1019 FF38  
                                          l1035 FE78                                            l1051 FFA6  
                                          l1029 FEF4                                            l1045 FED6  
                                          l1037 FE84                                            l1061 FFE8  
                                          l1053 FFBE                                            l1039 FEB6  
                                          l1063 FFEA                                            l1055 FFD2  
                                          l1057 FFD8                                            l1049 FF94  
                                          l1059 FFDA                                            _LATA 000F89  
                                          _LATB 000F8A                                            _LATC 000F8B  
                                          _LATD 000F8C                                            _LATE 000F8D  
                                          _WPUB 000F61                                   _EUSART1_Write FE8A  
                                          _main FF94                                   __CFG_BORV$190 000000  
                                          start 0000                                   __CFG_IESO$OFF 000000  
                                  ___param_bank 000000                  __size_of_OSCILLATOR_Initialize 000E  
                 __end_of_OSCILLATOR_Initialize FE68                                           ?_main 0001  
                                __CFG_DEBUG$OFF 000000                                           _TRISA 000F92  
                                         _TRISB 000F93                                           _TRISC 000F94  
                                         _TRISD 000F95                                           _TRISE 000F96  
                                 __CFG_WRT0$OFF 000000                                   __CFG_WRT1$OFF 000000  
                                 __CFG_WRT2$OFF 000000                                   __CFG_WRT3$OFF 000000  
                                __CFG_EBTR0$OFF 000000                                  __CFG_FCMEN$OFF 000000  
                                __CFG_EBTR1$OFF 000000                                  __CFG_EBTR2$OFF 000000  
                                __CFG_EBTR3$OFF 000000                                   __CFG_WRTB$OFF 000000  
                                 __CFG_WRTC$OFF 000000                                   __CFG_WRTD$OFF 000000  
                                __CFG_EBTRB$OFF 000000                              __CFG_MCLRE$EXTMCLR 000000  
                                ?_EUSART1_Write 0001                                           status 000FD8  
                                __CFG_HFOFST$ON 000000              _EUSART1_DefaultFramingErrorHandler 000000  
                                __CFG_PBADEN$ON 000000                                 __initialization FE68  
                    __end_of_EUSART1_Initialize FF56                                    __end_of_main 0000  
                                        ??_main 0006                                   __activetblptr 000002  
                                __CFG_PLLCFG$ON 000000                                          _ADCON0 000FC2  
                                        _ADCON1 000FC1                                          _ADCON2 000FC0  
                                        _ADRESH 000FC4                                          _ADRESL 000FC3  
                                        _ANSELA 000F38                                          _ANSELB 000F39  
                                        _ANSELC 000F3A                                          _ANSELD 000F3B  
                                        _ANSELE 000F3C                                  __CFG_WDTEN$OFF 000000  
                                        _RCREG1 000FAE                                          _RCSTA1 000FAB  
                                        _OSCCON 000FD3                    __size_of_EUSART1_is_tx_ready 0028  
                                        _SPBRG1 000FAF                                          _TXREG1 000FAD  
                                        _TXSTA1 000FAC                                  __CFG_XINST$OFF 000000  
                                __CFG_STVREN$ON 000000                        ?_EUSART1_SetErrorHandler 0001  
              ??_EUSART1_SetOverrunErrorHandler 0003                 ?_EUSART1_SetOverrunErrorHandler 0001  
                                        tblptru 000FF8                        ADC_GetConversion@channel 0005  
                               ??_EUSART1_Write 0001                               _SYSTEM_Initialize FE78  
                                    __accesstop 0060                         __end_of__initialization FE6E  
                            ?_SYSTEM_Initialize 0001                                   ___rparam_used 000001  
                                __pcstackCOMRAM 0001                             ??_SYSTEM_Initialize 0003  
                     __end_of_SYSTEM_Initialize FE8A                                      __pnvCOMRAM 000B  
               __end_of_EUSART1_SetErrorHandler FE46                              __CFG_CCP2MX$PORTC1 000000  
                            __CFG_CCP3MX$PORTB5 000000                         __size_of_ADC_Initialize 0016  
        __end_of_EUSART1_SetFramingErrorHandler FE50         __size_of_EUSART1_SetFramingErrorHandler 000A  
                _EUSART1_SetFramingErrorHandler FE46                                         _OSCCON2 000FD2  
                                       _OSCTUNE 000F9B                                         _SPBRGH1 000FB0  
                               __CFG_PWRTEN$OFF 000000                            _ADC_InterruptHandler 0011  
                                       __Hparam 0000                                         __Lparam 0000  
                                       __pcinit FE68                                         __ramtop 1000  
                           _EUSART1_is_tx_ready FEB6                                         __ptext0 FF94  
                                       __ptext1 FE78                                         __ptext2 FF56  
                                       __ptext3 FE5A                                         __ptext4 FF18  
                                       __ptext5 FE50                                         __ptext6 FE46  
                                       __ptext7 FE3C                                         __ptext8 FEA0  
                                       __ptext9 FEB6                           _OSCILLATOR_Initialize FE5A  
                            _EUSART1_Initialize FF18                        ??_PIN_MANAGER_Initialize 0001  
                    __size_of_SYSTEM_Initialize 0012                            end_of_initialization FE6E  
                           ?_EUSART1_Initialize 0001                            ?_EUSART1_is_tx_ready 0001  
                                 __Lmediumconst 0000                     _EUSART1_OverrunErrorHandler 000D  
                          ??_EUSART1_Initialize 0003                __size_of_EUSART1_SetErrorHandler 000A  
                           EUSART1_Write@txData 0001                           ??_EUSART1_is_tx_ready 0001  
                                    main@result 0008                                  _ADC_Initialize FEA0  
                        ?_OSCILLATOR_Initialize 0001                             start_initialization FE68  
               __size_of_PIN_MANAGER_Initialize 003E                           __end_of_EUSART1_Write FEA0  
                        __end_of_ADC_Initialize FEB6                                     __pbssCOMRAM 0011  
              ??_EUSART1_SetFramingErrorHandler 0003                 ?_EUSART1_SetFramingErrorHandler 0001  
                        _PIN_MANAGER_Initialize FF56                         _EUSART1_is_tx_ready$431 0001  
                               ?_ADC_Initialize 0001                                __CFG_PRICLKEN$ON 000000  
                                      _BAUDCON1 000FB8              _EUSART1_DefaultOverrunErrorHandler 000000  
                          _EUSART1_ErrorHandler 000B                         _EUSART1_SetErrorHandler FE3C  
       EUSART1_SetErrorHandler@interruptHandler 0001                                        _LATCbits 000F8B  
                                      _PIR1bits 000F9E                                __CFG_WDTPS$32768 000000  
                                    _ADCON0bits 000FC2                                     _INTCON2bits 000FF1  
                                      __Hrparam 0000                                        __Lrparam 0000  
                             _ADC_GetConversion FEDE                              __CFG_BOREN$SBORDIS 000000  
                             __CFG_P2BMX$PORTD2 000000                         ??_OSCILLATOR_Initialize 0001  
                            ?_ADC_GetConversion 0001                     __size_of_EUSART1_Initialize 003E  
                     ??_EUSART1_SetErrorHandler 0003                     _EUSART1_DefaultErrorHandler 000000  
                           ??_ADC_GetConversion 0003                     __end_of_EUSART1_is_tx_ready FEDE  
                                      __ptext10 FE8A                                        __ptext11 FEDE  
                                 __size_of_main 006C                       __end_of_ADC_GetConversion FF18  
EUSART1_SetOverrunErrorHandler@interruptHandler 0001                     _EUSART1_FramingErrorHandler 000F  
                                    _INTCONbits 000FF2                         ?_PIN_MANAGER_Initialize 0001  
        __end_of_EUSART1_SetOverrunErrorHandler FE5A         __size_of_EUSART1_SetOverrunErrorHandler 000A  
                _EUSART1_SetOverrunErrorHandler FE50                                      _RCSTA1bits 000FAB  
                              ??_ADC_Initialize 0001  EUSART1_SetFramingErrorHandler@interruptHandler 0001  
                        __size_of_EUSART1_Write 0016                              _eusart1RxLastError 0013  
                             __CFG_T3CMX$PORTC0 000000                  __end_of_PIN_MANAGER_Initialize FF94  
                             __CFG_FOSC$INTIO67 000000                      __size_of_ADC_GetConversion 003A  
