

Microchip Technology PIC18 LITE Macro Assembler V1.30 build 55553 
                                                                                               Wed Mar 19 10:03:16 2014

Microchip Technology Omniscient Code Generator (Lite mode) build 55553
     1                           	processor	18F4550
     2                           	fnconf	rparam,??,?,0
     3                           	opt	pw 120
     4                           	opt	lm
     5                           	psect	text0,global,reloc=2,class=CODE,delta=1
     6                           	psect	cinit,global,reloc=2,class=CODE,delta=1
     7                           	psect	cstackCOMRAM,global,class=COMRAM,space=1,delta=1
     8                           	psect	text1,global,reloc=2,class=CODE,delta=1
     9                           	psect	intsave_regs,global,class=BIGRAM,space=1,delta=1
    10                           	psect	rparam,global,class=COMRAM,space=1,delta=1
    11  0000                     _PORTA	set	3968
    12  0000                     _PORTB	set	3969
    13  0000                     _PORTBbits	set	3969
    14  0000                     _PORTC	set	3970
    15  0000                     _PORTCbits	set	3970
    16  0000                     _PORTD	set	3971
    17  0000                     _PORTE	set	3972
    18  0000                     _TRISA	set	3986
    19  0000                     _TRISB	set	3987
    20  0000                     _TRISC	set	3988
    21  0000                     _TRISD	set	3989
    22  0000                     _TRISE	set	3990
    23                           
    24 ;;
    25 ;;Main: autosize = 0, tempsize = 1, incstack = 0, save=0
    26 ;;
    27 ;; *************** function _main *****************
    28 ;; Defined at:
    29 ;;		line 3 in file "main.c"
    30 ;; Parameters:    Size  Location     Type
    31 ;;		None
    32 ;; Auto vars:     Size  Location     Type
    33 ;;		None
    34 ;; Return value:  Size  Location     Type
    35 ;;                  2   10[COMRAM] int 
    36 ;; Registers used:
    37 ;;		wreg, status,2, cstack
    38 ;; Tracked objects:
    39 ;;		On entry : 0/0
    40 ;;		On exit  : 0/0
    41 ;;		Unchanged: 0/0
    42 ;; Data sizes:     COMRAM   BANK0   BANK1   BANK2   BANK3   BANK4   BANK5   BANK6   BANK7
    43 ;;      Params:         0       0       0       0       0       0       0       0       0
    44 ;;      Locals:         0       0       0       0       0       0       0       0       0
    45 ;;      Temps:          1       0       0       0       0       0       0       0       0
    46 ;;      Totals:         1       0       0       0       0       0       0       0       0
    47 ;;Total ram usage:        1 bytes
    48 ;; Hardware stack levels required when called:    1
    49 ;; This function calls:
    50 ;;		_config
    51 ;; This function is called by:
    52 ;;		Startup code after reset
    53 ;; This function uses a non-reentrant model
    54 ;;
    55                           
    56                           	psect	text0
    57  007FB6                     __ptext0:
    58                           	opt stack 0
    59  007FB6                     _main:
    60                           	opt stack 30
    61                           
    62                           ;main.c: 4: config();
    63                           
    64                           ;incstack = 0
    65  007FB6  ECEB  F03F         	call	_config	;wreg free
    66                           
    67                           ;main.c: 6: PORTCbits.RC1 = 1;
    68  007FBA  8282               	bsf	3970,1,c	;volatile
    69  007FBC                     l621:
    70                           
    71                           ;main.c: 8: if(PORTBbits.RB0 == 0){
    72  007FBC  B081               	btfsc	3969,0,c	;volatile
    73  007FBE  D002               	goto	l12
    74                           
    75                           ;main.c: 9: PORTCbits.RC0 = 1;
    76  007FC0  8082               	bsf	3970,0,c	;volatile
    77                           
    78                           ;main.c: 10: }else{
    79  007FC2  D001               	goto	l625
    80  007FC4                     l12:
    81                           
    82                           ;main.c: 11: PORTCbits.RC0 = 0;
    83  007FC4  9082               	bcf	3970,0,c	;volatile
    84  007FC6                     l625:
    85                           
    86                           ;main.c: 12: }
    87                           ;main.c: 13: _delay((unsigned long)((20)*(20000000/4000.0)));
    88  007FC6  0E82               	movlw	130
    89  007FC8  6E01               	movwf	??_main& (0+255),c
    90  007FCA  0EDE               	movlw	222
    91  007FCC                     u27:
    92  007FCC  2EE8               	decfsz	wreg,f,c
    93  007FCE  D7FE               	goto	u27
    94  007FD0  2E01               	decfsz	??_main& (0+255),f,c
    95  007FD2  D7FC               	goto	u27
    96  007FD4  D7F3               	goto	l621
    97  007FD6                     __end_of_main:
    98                           	opt stack 0
    99                           wreg	equ	0xFE8
   100                           
   101                           	psect	cinit
   102  007FB0                     __pcinit:
   103                           	opt stack 0
   104  007FB0                     start_initialization:
   105                           	opt stack 0
   106  007FB0                     __initialization:
   107                           	opt stack 0
   108  007FB0                     end_of_initialization:
   109                           	opt stack 0
   110  007FB0                     __end_of__initialization:
   111                           	opt stack 0
   112  007FB0  0100               	movlb	0
   113  007FB2  EFDB  F03F         	goto	_main	;jump to C main() function
   114                           wreg	equ	0xFE8
   115                           
   116                           	psect	cstackCOMRAM
   117  000001                     __pcstackCOMRAM:
   118                           	opt stack 0
   119  000001                     ??_main:
   120  000001                     
   121                           ; 2 bytes @ 0x0
   122  000001                     	ds	1
   123                           wreg	equ	0xFE8
   124                           
   125 ;; *************** function _config *****************
   126 ;; Defined at:
   127 ;;		line 3 in file "Config.c"
   128 ;; Parameters:    Size  Location     Type
   129 ;;		None
   130 ;; Auto vars:     Size  Location     Type
   131 ;;		None
   132 ;; Return value:  Size  Location     Type
   133 ;;		None               void
   134 ;; Registers used:
   135 ;;		wreg, status,2
   136 ;; Tracked objects:
   137 ;;		On entry : 0/0
   138 ;;		On exit  : 0/0
   139 ;;		Unchanged: 0/0
   140 ;; Data sizes:     COMRAM   BANK0   BANK1   BANK2   BANK3   BANK4   BANK5   BANK6   BANK7
   141 ;;      Params:         0       0       0       0       0       0       0       0       0
   142 ;;      Locals:         0       0       0       0       0       0       0       0       0
   143 ;;      Temps:          0       0       0       0       0       0       0       0       0
   144 ;;      Totals:         0       0       0       0       0       0       0       0       0
   145 ;;Total ram usage:        0 bytes
   146 ;; Hardware stack levels used:    1
   147 ;; This function calls:
   148 ;;		Nothing
   149 ;; This function is called by:
   150 ;;		_main
   151 ;; This function uses a non-reentrant model
   152 ;;
   153                           
   154                           	psect	text1
   155  007FD6                     __ptext1:
   156                           	opt stack 0
   157  007FD6                     _config:
   158                           	opt stack 30
   159                           
   160                           ;Config.c: 4: TRISA = 0x00;
   161                           
   162                           ;incstack = 0
   163  007FD6  0E00               	movlw	0
   164  007FD8  6E92               	movwf	3986,c	;volatile
   165                           
   166                           ;Config.c: 5: TRISB = 0b00000001;
   167  007FDA  0E01               	movlw	1
   168  007FDC  6E93               	movwf	3987,c	;volatile
   169                           
   170                           ;Config.c: 6: TRISC = 0x00;
   171  007FDE  0E00               	movlw	0
   172  007FE0  6E94               	movwf	3988,c	;volatile
   173                           
   174                           ;Config.c: 7: TRISD = 0x00;
   175  007FE2  0E00               	movlw	0
   176  007FE4  6E95               	movwf	3989,c	;volatile
   177                           
   178                           ;Config.c: 8: TRISE = 0x00;
   179  007FE6  0E00               	movlw	0
   180  007FE8  6E96               	movwf	3990,c	;volatile
   181                           
   182                           ;Config.c: 9: PORTA = 0X00;
   183  007FEA  0E00               	movlw	0
   184  007FEC  6E80               	movwf	3968,c	;volatile
   185                           
   186                           ;Config.c: 10: PORTB = 0X00;
   187  007FEE  0E00               	movlw	0
   188  007FF0  6E81               	movwf	3969,c	;volatile
   189                           
   190                           ;Config.c: 11: PORTC = 0X00;
   191  007FF2  0E00               	movlw	0
   192  007FF4  6E82               	movwf	3970,c	;volatile
   193                           
   194                           ;Config.c: 12: PORTD = 0X00;
   195  007FF6  0E00               	movlw	0
   196  007FF8  6E83               	movwf	3971,c	;volatile
   197                           
   198                           ;Config.c: 13: PORTE = 0X00;
   199  007FFA  0E00               	movlw	0
   200  007FFC  6E84               	movwf	3972,c	;volatile
   201  007FFE  0012               	return	
   202  008000                     __end_of_config:
   203                           	opt stack 0
   204  0000                     wreg	equ	0xFE8
   205                           wreg	equ	0xFE8
   206                           
   207                           	psect	rparam
   208  0000                     wreg	equ	0xFE8


Data Sizes:
    Strings     0
    Constant    0
    Data        0
    BSS         0
    Persistent  0
    Stack       0

Auto Spaces:
    Space          Size  Autos    Used
    COMRAM           95      1       1
    BANK0           160      0       0
    BANK1           256      0       0
    BANK2           256      0       0
    BANK3           256      0       0
    BANK4           256      0       0
    BANK5           256      0       0
    BANK6           256      0       0
    BANK7           256      0       0

Pointer List with Targets:

    None.

Critical Paths under _main in COMRAM

    None.

Critical Paths under _main in BANK0

    None.

Critical Paths under _main in BANK1

    None.

Critical Paths under _main in BANK2

    None.

Critical Paths under _main in BANK3

    None.

Critical Paths under _main in BANK4

    None.

Critical Paths under _main in BANK5

    None.

Critical Paths under _main in BANK6

    None.

Critical Paths under _main in BANK7

    None.

Call Graph Tables:

 ---------------------------------------------------------------------------------
 (Depth) Function   	        Calls       Base Space   Used Autos Params    Refs
 ---------------------------------------------------------------------------------
 (0) _main                                                 1     1      0       0
                                              0 COMRAM     1     1      0
                             _config
 ---------------------------------------------------------------------------------
 (1) _config                                               0     0      0       0
 ---------------------------------------------------------------------------------
 Estimated maximum stack depth 1
 ---------------------------------------------------------------------------------

 Call Graph Graphs:

 _main (ROOT)
   _config

 Address spaces:
Name               Size   Autos  Total    Cost      Usage
BITCOMRAM           5F      0       0       0        0.0%
EEDATA             100      0       0       0        0.0%
NULL                 0      0       0       0        0.0%
CODE                 0      0       0       0        0.0%
COMRAM              5F      1       1       1        1.1%
STACK                0      0       0       2        0.0%
DATA                 0      0       0       3        0.0%
BITBANK0            A0      0       0       4        0.0%
BANK0               A0      0       0       5        0.0%
BITBANK1           100      0       0       6        0.0%
BANK1              100      0       0       7        0.0%
BITBANK2           100      0       0       8        0.0%
BANK2              100      0       0       9        0.0%
BITBANK3           100      0       0      10        0.0%
BANK3              100      0       0      11        0.0%
BITBANK4           100      0       0      12        0.0%
BANK4              100      0       0      13        0.0%
BITBANK5           100      0       0      14        0.0%
BANK5              100      0       0      15        0.0%
BITBANK6           100      0       0      16        0.0%
BANK6              100      0       0      17        0.0%
BITBANK7           100      0       0      18        0.0%
BANK7              100      0       0      19        0.0%
ABS                  0      0       0      20        0.0%
BIGRAM             7FF      0       0      21        0.0%
BITSFR               0      0       0      40        0.0%
SFR                  0      0       0      40        0.0%


Microchip Technology PIC18 Macro Assembler V1.30 build 55553 
Symbol Table                                                                                   Wed Mar 19 10:03:16 2014

                     l12 7FC4                       u27 7FCC              __CFG_BOR$ON 000000  
            __CFG_BORV$1 000000             __CFG_CP0$OFF 000000             __CFG_CP1$OFF 000000  
           __CFG_CP2$OFF 000000             __CFG_CP3$OFF 000000                      l621 7FBC  
                    l625 7FC6             __CFG_CPB$OFF 000000             __CFG_CPD$OFF 000000  
                    wreg 000FE8             __CFG_FOSC$HS 000000             __CFG_LVP$OFF 000000  
           __CFG_WDT$OFF 000000             __CFG_PWRT$ON 000000                     _main 7FB6  
                   start 0000            __CFG_IESO$OFF 000000            __CFG_MCLRE$ON 000000  
          __CFG_PLLDIV$5 000000           __CFG_CCP2MX$ON 000000                    ?_main 0001  
                  _PORTA 000F80                    _PORTB 000F81                    _PORTC 000F82  
                  _PORTD 000F83                    _PORTE 000F84            __CFG_USBDIV$1 000000  
                  _TRISA 000F92                    _TRISB 000F93                    _TRISC 000F94  
                  _TRISD 000F95                    _TRISE 000F96            __CFG_WRT0$OFF 000000  
          __CFG_WRT1$OFF 000000            __CFG_WRT2$OFF 000000            __CFG_WRT3$OFF 000000  
         __CFG_EBTR0$OFF 000000           __CFG_FCMEN$OFF 000000           __CFG_EBTR1$OFF 000000  
         __CFG_EBTR2$OFF 000000           __CFG_EBTR3$OFF 000000            __CFG_WRTB$OFF 000000  
          __CFG_WRTC$OFF 000000            __CFG_WRTD$OFF 000000           __CFG_EBTRB$OFF 000000  
         __CFG_ICPRT$OFF 000000          __initialization 7FB0             __end_of_main 7FD6  
                 ??_main 0001            __activetblptr 000000           __CFG_XINST$OFF 000000  
         __CFG_STVREN$ON 000000                   _config 7FD6               __accesstop 0060  
__end_of__initialization 7FB0          __CFG_PBADEN$OFF 000000           __pcstackCOMRAM 0001  
                ?_config 0001          __CFG_VREGEN$OFF 000000                  __Hparam 0000  
                __Lparam 0000          __size_of_config 002A                  __pcinit 7FB0  
                __ramtop 0800                  __ptext0 7FB6                  __ptext1 7FD6  
   end_of_initialization 7FB0                _PORTBbits 000F81                _PORTCbits 000F82  
         __end_of_config 8000      start_initialization 7FB0                 ??_config 0001  
       __CFG_LPT1OSC$OFF 000000         __CFG_WDTPS$32768 000000                 __Hrparam 0000  
               __Lrparam 0000            __size_of_main 0020    __CFG_CPUDIV$OSC1_PLL2 000000  
