

Microchip MPLAB XC8 Assembler V2.10 build 88905656 
                                                                                               Thu Mar 19 10:01:25 2020

Microchip MPLAB XC8 C Compiler v2.10 (Free license) build 20190730164152 Og1 
     1                           	processor	18F46K22
     2                           	fnconf	rparam,??,?,0
     3                           	opt	pw 120
     4                           	opt	flic
     5                           	psect	cinit,global,reloc=2,class=CODE,delta=1
     6                           	psect	cstackCOMRAM,global,class=COMRAM,space=1,delta=1,noexec
     7                           	psect	text0,global,reloc=2,class=CODE,delta=1
     8                           	psect	text1,global,reloc=2,class=CODE,delta=1
     9                           	psect	text2,global,reloc=2,class=CODE,delta=1
    10                           	psect	text3,global,reloc=2,class=CODE,delta=1
    11                           	psect	intsave_regs,global,class=BIGRAM,space=1,delta=1,noexec
    12                           	psect	rparam,global,class=COMRAM,space=1,delta=1,noexec
    13  0000                     
    14                           ; Version 2.10
    15                           ; Generated 31/07/2019 GMT
    16                           ; 
    17                           ; Copyright © 2019, Microchip Technology Inc. and its subsidiaries ("Microchip")
    18                           ; All rights reserved.
    19                           ; 
    20                           ; This software is developed by Microchip Technology Inc. and its subsidiaries ("Microch
      +                          ip").
    21                           ; 
    22                           ; Redistribution and use in source and binary forms, with or without modification, are
    23                           ; permitted provided that the following conditions are met:
    24                           ; 
    25                           ;     1. Redistributions of source code must retain the above copyright notice, this lis
      +                          t of
    26                           ;        conditions and the following disclaimer.
    27                           ; 
    28                           ;     2. Redistributions in binary form must reproduce the above copyright notice, this 
      +                          list
    29                           ;        of conditions and the following disclaimer in the documentation and/or other
    30                           ;        materials provided with the distribution.
    31                           ; 
    32                           ;     3. Microchip's name may not be used to endorse or promote products derived from th
      +                          is
    33                           ;        software without specific prior written permission.
    34                           ; 
    35                           ; THIS SOFTWARE IS PROVIDED BY MICROCHIP "AS IS" AND ANY EXPRESS OR IMPLIED WARRANTIES,
    36                           ; INCLUDING, BUT NOT LIMITED TO, THE IMPLIED WARRANTIES OF MERCHANTABILITY AND FITNESS F
      +                          OR
    37                           ; PURPOSE ARE DISCLAIMED.  IN NO EVENT SHALL MICROCHIP BE LIABLE FOR ANY DIRECT, INDIREC
      +                          T,
    38                           ; INCIDENTAL, SPECIAL, EXEMPLARY, OR CONSEQUENTIAL DAMAGES (INCLUDING BUT NOT LIMITED TO
    39                           ; PROCUREMENT OF SUBSTITUTE GOODS OR SERVICES; LOSS OF USE, DATA OR PROFITS; OR BUSINESS
    40                           ; INTERRUPTION) HOWSOEVER CAUSED AND ON ANY THEORY OF LIABILITY, WHETHER IN CONTRACT, ST
      +                          RICT
    41                           ; LIABILITY, OR TORT (INCLUDING NEGLIGENCE OR OTHERWISE) ARISING IN ANY WAY OUT OF THE U
      +                          SE OF
    42                           ; THIS SOFTWARE, EVEN IF ADVISED OF THE POSSIBILITY OF SUCH DAMAGE.
    43                           ; 
    44                           ; 
    45                           ; Code-generator required, PIC18F46K22 Definitions
    46                           ; 
    47                           ; SFR Addresses
    48  0000                     _ANSELA	set	3896
    49  0000                     _ANSELE	set	3900
    50  0000                     _ANSELB	set	3897
    51  0000                     _ANSELC	set	3898
    52  0000                     _ANSELD	set	3899
    53  0000                     _INTCONbits	set	4082
    54  0000                     _INTCON2bits	set	4081
    55  0000                     _WPUB	set	3937
    56  0000                     _TRISD	set	3989
    57  0000                     _TRISC	set	3988
    58  0000                     _TRISB	set	3987
    59  0000                     _TRISA	set	3986
    60  0000                     _TRISE	set	3990
    61  0000                     _LATC	set	3979
    62  0000                     _LATB	set	3978
    63  0000                     _LATA	set	3977
    64  0000                     _LATD	set	3980
    65  0000                     _LATE	set	3981
    66  0000                     _OSCTUNE	set	3995
    67  0000                     _OSCCON2	set	4050
    68  0000                     _OSCCON	set	4051
    69  0000                     _LATCbits	set	3979
    70                           
    71                           ; #config settings
    72  0000                     
    73                           	psect	cinit
    74  00FF62                     __pcinit:
    75                           	opt callstack 0
    76  00FF62                     start_initialization:
    77                           	opt callstack 0
    78  00FF62                     __initialization:
    79                           	opt callstack 0
    80  00FF62                     end_of_initialization:
    81                           	opt callstack 0
    82  00FF62                     __end_of__initialization:
    83                           	opt callstack 0
    84  00FF62  0100               	movlb	0
    85  00FF64  EFDF  F07F         	goto	_main	;jump to C main() function
    86                           
    87                           	psect	cstackCOMRAM
    88  000001                     __pcstackCOMRAM:
    89                           	opt callstack 0
    90  000001                     ??_main:
    91                           
    92                           ; 1 bytes @ 0x0
    93  000001                     	ds	2
    94                           
    95 ;;
    96 ;;Main: autosize = 0, tempsize = 2, incstack = 0, save=0
    97 ;;
    98 ;; *************** function _main *****************
    99 ;; Defined at:
   100 ;;		line 49 in file "main.c"
   101 ;; Parameters:    Size  Location     Type
   102 ;;		None
   103 ;; Auto vars:     Size  Location     Type
   104 ;;		None
   105 ;; Return value:  Size  Location     Type
   106 ;;                  1    wreg      void 
   107 ;; Registers used:
   108 ;;		wreg, status,2, status,0, cstack
   109 ;; Tracked objects:
   110 ;;		On entry : 0/0
   111 ;;		On exit  : 0/0
   112 ;;		Unchanged: 0/0
   113 ;; Data sizes:     COMRAM   BANK0   BANK1   BANK2   BANK3   BANK4   BANK5   BANK6   BANK7   BANK8   BANK9  BANK10  BANK1
      +1  BANK12  BANK13  BANK14  BANK15
   114 ;;      Params:         0       0       0       0       0       0       0       0       0       0       0       0       
      +0       0       0       0       0
   115 ;;      Locals:         0       0       0       0       0       0       0       0       0       0       0       0       
      +0       0       0       0       0
   116 ;;      Temps:          2       0       0       0       0       0       0       0       0       0       0       0       
      +0       0       0       0       0
   117 ;;      Totals:         2       0       0       0       0       0       0       0       0       0       0       0       
      +0       0       0       0       0
   118 ;;Total ram usage:        2 bytes
   119 ;; Hardware stack levels required when called:    2
   120 ;; This function calls:
   121 ;;		_SYSTEM_Initialize
   122 ;; This function is called by:
   123 ;;		Startup code after reset
   124 ;; This function uses a non-reentrant model
   125 ;;
   126                           
   127                           	psect	text0
   128  00FFBE                     __ptext0:
   129                           	opt callstack 0
   130  00FFBE                     _main:
   131                           	opt callstack 29
   132  00FFBE                     
   133                           ;main.c: 52:     SYSTEM_Initialize();
   134  00FFBE  ECB4  F07F         	call	_SYSTEM_Initialize	;wreg free
   135  00FFC2                     l768:
   136  00FFC2  B08B               	btfsc	139,0,c	;volatile
   137  00FFC4  EFE6  F07F         	goto	u11
   138  00FFC8  EFE9  F07F         	goto	u10
   139  00FFCC                     u11:
   140  00FFCC  0E01               	movlw	1
   141  00FFCE  EFEA  F07F         	goto	u16
   142  00FFD2                     u10:
   143  00FFD2  0E00               	movlw	0
   144  00FFD4                     u16:
   145  00FFD4  0AFF               	xorlw	255
   146  00FFD6  6E01               	movwf	??_main^0,c
   147  00FFD8  508B               	movf	139,w,c	;volatile
   148  00FFDA  1801               	xorwf	??_main^0,w,c
   149  00FFDC  0BFE               	andlw	-2
   150  00FFDE  1801               	xorwf	??_main^0,w,c
   151  00FFE0  6E8B               	movwf	139,c	;volatile
   152  00FFE2                     
   153                           ;main.c: 74:         _delay((unsigned long)((1000)*(4000000/4000.0)));
   154  00FFE2  0E06               	movlw	6
   155  00FFE4  6E02               	movwf	(??_main+1)^0,c
   156  00FFE6  0E13               	movlw	19
   157  00FFE8  6E01               	movwf	??_main^0,c
   158  00FFEA  0EAE               	movlw	174
   159  00FFEC                     u27:
   160  00FFEC  2EE8               	decfsz	wreg,f,c
   161  00FFEE  D7FE               	bra	u27
   162  00FFF0  2E01               	decfsz	??_main^0,f,c
   163  00FFF2  D7FC               	bra	u27
   164  00FFF4  2E02               	decfsz	(??_main+1)^0,f,c
   165  00FFF6  D7FA               	bra	u27
   166  00FFF8  EFE1  F07F         	goto	l768
   167  00FFFC  EF00  F000         	goto	start
   168  010000                     __end_of_main:
   169                           	opt callstack 0
   170                           
   171 ;; *************** function _SYSTEM_Initialize *****************
   172 ;; Defined at:
   173 ;;		line 50 in file "mcc_generated_files/mcc.c"
   174 ;; Parameters:    Size  Location     Type
   175 ;;		None
   176 ;; Auto vars:     Size  Location     Type
   177 ;;		None
   178 ;; Return value:  Size  Location     Type
   179 ;;                  1    wreg      void 
   180 ;; Registers used:
   181 ;;		wreg, status,2, cstack
   182 ;; Tracked objects:
   183 ;;		On entry : 0/0
   184 ;;		On exit  : 0/0
   185 ;;		Unchanged: 0/0
   186 ;; Data sizes:     COMRAM   BANK0   BANK1   BANK2   BANK3   BANK4   BANK5   BANK6   BANK7   BANK8   BANK9  BANK10  BANK1
      +1  BANK12  BANK13  BANK14  BANK15
   187 ;;      Params:         0       0       0       0       0       0       0       0       0       0       0       0       
      +0       0       0       0       0
   188 ;;      Locals:         0       0       0       0       0       0       0       0       0       0       0       0       
      +0       0       0       0       0
   189 ;;      Temps:          0       0       0       0       0       0       0       0       0       0       0       0       
      +0       0       0       0       0
   190 ;;      Totals:         0       0       0       0       0       0       0       0       0       0       0       0       
      +0       0       0       0       0
   191 ;;Total ram usage:        0 bytes
   192 ;; Hardware stack levels used:    1
   193 ;; Hardware stack levels required when called:    1
   194 ;; This function calls:
   195 ;;		_OSCILLATOR_Initialize
   196 ;;		_PIN_MANAGER_Initialize
   197 ;; This function is called by:
   198 ;;		_main
   199 ;; This function uses a non-reentrant model
   200 ;;
   201                           
   202                           	psect	text1
   203  00FF68                     __ptext1:
   204                           	opt callstack 0
   205  00FF68                     _SYSTEM_Initialize:
   206                           	opt callstack 29
   207  00FF68                     
   208                           ;mcc_generated_files/mcc.c: 53:     PIN_MANAGER_Initialize();
   209  00FF68  ECC0  F07F         	call	_PIN_MANAGER_Initialize	;wreg free
   210                           
   211                           ;mcc_generated_files/mcc.c: 54:     OSCILLATOR_Initialize();
   212  00FF6C  ECB9  F07F         	call	_OSCILLATOR_Initialize	;wreg free
   213  00FF70  0012               	return		;funcret
   214  00FF72                     __end_of_SYSTEM_Initialize:
   215                           	opt callstack 0
   216                           
   217 ;; *************** function _PIN_MANAGER_Initialize *****************
   218 ;; Defined at:
   219 ;;		line 55 in file "mcc_generated_files/pin_manager.c"
   220 ;; Parameters:    Size  Location     Type
   221 ;;		None
   222 ;; Auto vars:     Size  Location     Type
   223 ;;		None
   224 ;; Return value:  Size  Location     Type
   225 ;;                  1    wreg      void 
   226 ;; Registers used:
   227 ;;		wreg, status,2
   228 ;; Tracked objects:
   229 ;;		On entry : 0/0
   230 ;;		On exit  : 0/0
   231 ;;		Unchanged: 0/0
   232 ;; Data sizes:     COMRAM   BANK0   BANK1   BANK2   BANK3   BANK4   BANK5   BANK6   BANK7   BANK8   BANK9  BANK10  BANK1
      +1  BANK12  BANK13  BANK14  BANK15
   233 ;;      Params:         0       0       0       0       0       0       0       0       0       0       0       0       
      +0       0       0       0       0
   234 ;;      Locals:         0       0       0       0       0       0       0       0       0       0       0       0       
      +0       0       0       0       0
   235 ;;      Temps:          0       0       0       0       0       0       0       0       0       0       0       0       
      +0       0       0       0       0
   236 ;;      Totals:         0       0       0       0       0       0       0       0       0       0       0       0       
      +0       0       0       0       0
   237 ;;Total ram usage:        0 bytes
   238 ;; Hardware stack levels used:    1
   239 ;; This function calls:
   240 ;;		Nothing
   241 ;; This function is called by:
   242 ;;		_SYSTEM_Initialize
   243 ;; This function uses a non-reentrant model
   244 ;;
   245                           
   246                           	psect	text2
   247  00FF80                     __ptext2:
   248                           	opt callstack 0
   249  00FF80                     _PIN_MANAGER_Initialize:
   250                           	opt callstack 29
   251  00FF80                     
   252                           ;mcc_generated_files/pin_manager.c: 60:     LATE = 0x00;
   253  00FF80  0E00               	movlw	0
   254  00FF82  6E8D               	movwf	141,c	;volatile
   255                           
   256                           ;mcc_generated_files/pin_manager.c: 61:     LATD = 0x00;
   257  00FF84  0E00               	movlw	0
   258  00FF86  6E8C               	movwf	140,c	;volatile
   259                           
   260                           ;mcc_generated_files/pin_manager.c: 62:     LATA = 0x00;
   261  00FF88  0E00               	movlw	0
   262  00FF8A  6E89               	movwf	137,c	;volatile
   263                           
   264                           ;mcc_generated_files/pin_manager.c: 63:     LATB = 0x00;
   265  00FF8C  0E00               	movlw	0
   266  00FF8E  6E8A               	movwf	138,c	;volatile
   267                           
   268                           ;mcc_generated_files/pin_manager.c: 64:     LATC = 0x00;
   269  00FF90  0E00               	movlw	0
   270  00FF92  6E8B               	movwf	139,c	;volatile
   271                           
   272                           ;mcc_generated_files/pin_manager.c: 69:     TRISE = 0x07;
   273  00FF94  0E07               	movlw	7
   274  00FF96  6E96               	movwf	150,c	;volatile
   275  00FF98                     
   276                           ;mcc_generated_files/pin_manager.c: 70:     TRISA = 0xFF;
   277  00FF98  6892               	setf	146,c	;volatile
   278  00FF9A                     
   279                           ;mcc_generated_files/pin_manager.c: 71:     TRISB = 0xFF;
   280  00FF9A  6893               	setf	147,c	;volatile
   281                           
   282                           ;mcc_generated_files/pin_manager.c: 72:     TRISC = 0xFE;
   283  00FF9C  0EFE               	movlw	254
   284  00FF9E  6E94               	movwf	148,c	;volatile
   285  00FFA0                     
   286                           ;mcc_generated_files/pin_manager.c: 73:     TRISD = 0xFF;
   287  00FFA0  6895               	setf	149,c	;volatile
   288  00FFA2                     
   289                           ;mcc_generated_files/pin_manager.c: 78:     ANSELD = 0xFF;
   290  00FFA2  010F               	movlb	15	; () banked
   291  00FFA4  693B               	setf	59,b	;volatile
   292                           
   293                           ;mcc_generated_files/pin_manager.c: 79:     ANSELC = 0xFC;
   294  00FFA6  0EFC               	movlw	252
   295  00FFA8  6F3A               	movwf	58,b	;volatile
   296                           
   297                           ;mcc_generated_files/pin_manager.c: 80:     ANSELB = 0x3F;
   298  00FFAA  0E3F               	movlw	63
   299  00FFAC  6F39               	movwf	57,b	;volatile
   300                           
   301                           ;mcc_generated_files/pin_manager.c: 81:     ANSELE = 0x07;
   302  00FFAE  0E07               	movlw	7
   303  00FFB0  6F3C               	movwf	60,b	;volatile
   304                           
   305                           ;mcc_generated_files/pin_manager.c: 82:     ANSELA = 0x2F;
   306  00FFB2  0E2F               	movlw	47
   307  00FFB4  6F38               	movwf	56,b	;volatile
   308                           
   309                           ;mcc_generated_files/pin_manager.c: 87:     WPUB = 0x00;
   310  00FFB6  0E00               	movlw	0
   311  00FFB8  6E61               	movwf	97,c	;volatile
   312  00FFBA                     
   313                           ; BSR set to: 15
   314                           ;mcc_generated_files/pin_manager.c: 88:     INTCON2bits.nRBPU = 1;
   315  00FFBA  8EF1               	bsf	241,7,c	;volatile
   316  00FFBC                     
   317                           ; BSR set to: 15
   318  00FFBC  0012               	return		;funcret
   319  00FFBE                     __end_of_PIN_MANAGER_Initialize:
   320                           	opt callstack 0
   321                           
   322 ;; *************** function _OSCILLATOR_Initialize *****************
   323 ;; Defined at:
   324 ;;		line 57 in file "mcc_generated_files/mcc.c"
   325 ;; Parameters:    Size  Location     Type
   326 ;;		None
   327 ;; Auto vars:     Size  Location     Type
   328 ;;		None
   329 ;; Return value:  Size  Location     Type
   330 ;;                  1    wreg      void 
   331 ;; Registers used:
   332 ;;		wreg, status,2
   333 ;; Tracked objects:
   334 ;;		On entry : 0/0
   335 ;;		On exit  : 0/0
   336 ;;		Unchanged: 0/0
   337 ;; Data sizes:     COMRAM   BANK0   BANK1   BANK2   BANK3   BANK4   BANK5   BANK6   BANK7   BANK8   BANK9  BANK10  BANK1
      +1  BANK12  BANK13  BANK14  BANK15
   338 ;;      Params:         0       0       0       0       0       0       0       0       0       0       0       0       
      +0       0       0       0       0
   339 ;;      Locals:         0       0       0       0       0       0       0       0       0       0       0       0       
      +0       0       0       0       0
   340 ;;      Temps:          0       0       0       0       0       0       0       0       0       0       0       0       
      +0       0       0       0       0
   341 ;;      Totals:         0       0       0       0       0       0       0       0       0       0       0       0       
      +0       0       0       0       0
   342 ;;Total ram usage:        0 bytes
   343 ;; Hardware stack levels used:    1
   344 ;; This function calls:
   345 ;;		Nothing
   346 ;; This function is called by:
   347 ;;		_SYSTEM_Initialize
   348 ;; This function uses a non-reentrant model
   349 ;;
   350                           
   351                           	psect	text3
   352  00FF72                     __ptext3:
   353                           	opt callstack 0
   354  00FF72                     _OSCILLATOR_Initialize:
   355                           	opt callstack 29
   356  00FF72                     
   357                           ;mcc_generated_files/mcc.c: 60:     OSCCON = 0x52;
   358  00FF72  0E52               	movlw	82
   359  00FF74  6ED3               	movwf	211,c	;volatile
   360                           
   361                           ;mcc_generated_files/mcc.c: 62:     OSCCON2 = 0x04;
   362  00FF76  0E04               	movlw	4
   363  00FF78  6ED2               	movwf	210,c	;volatile
   364                           
   365                           ;mcc_generated_files/mcc.c: 64:     OSCTUNE = 0x00;
   366  00FF7A  0E00               	movlw	0
   367  00FF7C  6E9B               	movwf	155,c	;volatile
   368  00FF7E  0012               	return		;funcret
   369  00FF80                     __end_of_OSCILLATOR_Initialize:
   370                           	opt callstack 0
   371  0000                     
   372                           	psect	rparam
   373  0000                     tosu	equ	0xFFF
   374                           tosh	equ	0xFFE
   375                           tosl	equ	0xFFD
   376                           stkptr	equ	0xFFC
   377                           pclatu	equ	0xFFB
   378                           pclath	equ	0xFFA
   379                           pcl	equ	0xFF9
   380                           tblptru	equ	0xFF8
   381                           tblptrh	equ	0xFF7
   382                           tblptrl	equ	0xFF6
   383                           tablat	equ	0xFF5
   384                           prodh	equ	0xFF4
   385                           prodl	equ	0xFF3
   386                           indf0	equ	0xFEF
   387                           postinc0	equ	0xFEE
   388                           postdec0	equ	0xFED
   389                           preinc0	equ	0xFEC
   390                           plusw0	equ	0xFEB
   391                           fsr0h	equ	0xFEA
   392                           fsr0l	equ	0xFE9
   393                           wreg	equ	0xFE8
   394                           indf1	equ	0xFE7
   395                           postinc1	equ	0xFE6
   396                           postdec1	equ	0xFE5
   397                           preinc1	equ	0xFE4
   398                           plusw1	equ	0xFE3
   399                           fsr1h	equ	0xFE2
   400                           fsr1l	equ	0xFE1
   401                           bsr	equ	0xFE0
   402                           indf2	equ	0xFDF
   403                           postinc2	equ	0xFDE
   404                           postdec2	equ	0xFDD
   405                           preinc2	equ	0xFDC
   406                           plusw2	equ	0xFDB
   407                           fsr2h	equ	0xFDA
   408                           fsr2l	equ	0xFD9
   409                           status	equ	0xFD8


Data Sizes:
    Strings     0
    Constant    0
    Data        0
    BSS         0
    Persistent  0
    Stack       0

Auto Spaces:
    Space          Size  Autos    Used
    COMRAM           95      2       2
    BANK0           160      0       0
    BANK1           256      0       0
    BANK2           256      0       0
    BANK3           256      0       0
    BANK4           256      0       0
    BANK5           256      0       0
    BANK6           256      0       0
    BANK7           256      0       0
    BANK8           256      0       0
    BANK9           256      0       0
    BANK10          256      0       0
    BANK11          256      0       0
    BANK12          256      0       0
    BANK13          256      0       0
    BANK14          256      0       0
    BANK15           56      0       0

Pointer List with Targets:

    None.

Critical Paths under _main in COMRAM

    None.

Critical Paths under _main in BANK0

    None.

Critical Paths under _main in BANK1

    None.

Critical Paths under _main in BANK2

    None.

Critical Paths under _main in BANK3

    None.

Critical Paths under _main in BANK4

    None.

Critical Paths under _main in BANK5

    None.

Critical Paths under _main in BANK6

    None.

Critical Paths under _main in BANK7

    None.

Critical Paths under _main in BANK8

    None.

Critical Paths under _main in BANK9

    None.

Critical Paths under _main in BANK10

    None.

Critical Paths under _main in BANK11

    None.

Critical Paths under _main in BANK12

    None.

Critical Paths under _main in BANK13

    None.

Critical Paths under _main in BANK14

    None.

Critical Paths under _main in BANK15

    None.

Call Graph Tables:

 ---------------------------------------------------------------------------------
 (Depth) Function   	        Calls       Base Space   Used Autos Params    Refs
 ---------------------------------------------------------------------------------
 (0) _main                                                 2     2      0       0
                                              0 COMRAM     2     2      0
                  _SYSTEM_Initialize
 ---------------------------------------------------------------------------------
 (1) _SYSTEM_Initialize                                    0     0      0       0
              _OSCILLATOR_Initialize
             _PIN_MANAGER_Initialize
 ---------------------------------------------------------------------------------
 (2) _PIN_MANAGER_Initialize                               0     0      0       0
 ---------------------------------------------------------------------------------
 (2) _OSCILLATOR_Initialize                                0     0      0       0
 ---------------------------------------------------------------------------------
 Estimated maximum stack depth 2
 ---------------------------------------------------------------------------------

 Call Graph Graphs:

 _main (ROOT)
   _SYSTEM_Initialize
     _OSCILLATOR_Initialize
     _PIN_MANAGER_Initialize

 Address spaces:
Name               Size   Autos  Total    Cost      Usage
BITCOMRAM           5F      0       0       0        0.0%
EEDATA             400      0       0       0        0.0%
NULL                 0      0       0       0        0.0%
CODE                 0      0       0       0        0.0%
COMRAM              5F      2       2       1        2.1%
STACK                0      0       0       2        0.0%
DATA                 0      0       0       3        0.0%
BITBANK0            A0      0       0       4        0.0%
BANK0               A0      0       0       5        0.0%
BITBANK1           100      0       0       6        0.0%
BANK1              100      0       0       7        0.0%
BITBANK2           100      0       0       8        0.0%
BANK2              100      0       0       9        0.0%
BITBANK3           100      0       0      10        0.0%
BANK3              100      0       0      11        0.0%
ABS                  0      0       0      12        0.0%
BITBANK4           100      0       0      13        0.0%
BANK4              100      0       0      14        0.0%
BITBANK5           100      0       0      15        0.0%
BANK5              100      0       0      16        0.0%
BITBANK6           100      0       0      17        0.0%
BANK6              100      0       0      18        0.0%
BITBANK7           100      0       0      19        0.0%
BANK7              100      0       0      20        0.0%
BITBANK8           100      0       0      21        0.0%
BANK8              100      0       0      22        0.0%
BITBANK9           100      0       0      23        0.0%
BANK9              100      0       0      24        0.0%
BITBANK10          100      0       0      25        0.0%
BANK10             100      0       0      26        0.0%
BITBANK11          100      0       0      27        0.0%
BANK11             100      0       0      28        0.0%
BITBANK12          100      0       0      29        0.0%
BANK12             100      0       0      30        0.0%
BITBANK13          100      0       0      31        0.0%
BANK13             100      0       0      32        0.0%
BITBANK14          100      0       0      33        0.0%
BANK14             100      0       0      34        0.0%
BITBANK15           38      0       0      35        0.0%
BANK15              38      0       0      36        0.0%
BIGRAM             F37      0       0      37        0.0%
BITSFR_1             0      0       0     200        0.0%
SFR_1                0      0       0     200        0.0%
BITSFR               0      0       0     200        0.0%
SFR                  0      0       0     200        0.0%


Microchip Technology PIC18 Macro Assembler V2.10 build 88905656 
Symbol Table                                                                                   Thu Mar 19 10:01:25 2020

                             l32 FF7E                               l29 FF70  
                             l71 FFBC                               u10 FFD2  
                             u11 FFCC                               u16 FFD4  
                             u27 FFEC                     __CFG_CP0$OFF 000000  
                   __CFG_CP1$OFF 000000                     __CFG_CP2$OFF 000000  
                   __CFG_CP3$OFF 000000                      __CFG_LVP$ON 000000  
                            l750 FF80                              l760 FFBA  
                            l752 FF98                              l762 FF72  
                            l754 FF9A                              l770 FFE2  
                            l756 FFA0                              l764 FF68  
                            l758 FFA2                              l766 FFBE  
                            l768 FFC2                     __CFG_CPB$OFF 000000  
                   __CFG_CPD$OFF 000000                              wreg 000FE8  
                           _LATA 000F89                             _LATB 000F8A  
                           _LATC 000F8B                             _LATD 000F8C  
                           _LATE 000F8D                             _WPUB 000F61  
                           _main FFBE                    __CFG_BORV$190 000000  
                           start 0000                    __CFG_IESO$OFF 000000  
                   ___param_bank 000000   __size_of_OSCILLATOR_Initialize 000E  
  __end_of_OSCILLATOR_Initialize FF80                            ?_main 0001  
                 __CFG_DEBUG$OFF 000000                            _TRISA 000F92  
                          _TRISB 000F93                            _TRISC 000F94  
                          _TRISD 000F95                            _TRISE 000F96  
                  __CFG_WRT0$OFF 000000                    __CFG_WRT1$OFF 000000  
                  __CFG_WRT2$OFF 000000                    __CFG_WRT3$OFF 000000  
                 __CFG_EBTR0$OFF 000000                   __CFG_FCMEN$OFF 000000  
                 __CFG_EBTR1$OFF 000000                   __CFG_EBTR2$OFF 000000  
                 __CFG_EBTR3$OFF 000000                    __CFG_WRTB$OFF 000000  
                  __CFG_WRTC$OFF 000000                    __CFG_WRTD$OFF 000000  
                 __CFG_EBTRB$OFF 000000               __CFG_MCLRE$EXTMCLR 000000  
                 __CFG_HFOFST$ON 000000                   __CFG_PBADEN$ON 000000  
                __initialization FF62                     __end_of_main 0000  
                         ??_main 0001                    __activetblptr 000000  
                 __CFG_PLLCFG$ON 000000                           _ANSELA 000F38  
                         _ANSELB 000F39                           _ANSELC 000F3A  
                         _ANSELD 000F3B                           _ANSELE 000F3C  
                 __CFG_WDTEN$OFF 000000                           _OSCCON 000FD3  
                 __CFG_XINST$OFF 000000                   __CFG_STVREN$ON 000000  
              _SYSTEM_Initialize FF68                       __accesstop 0060  
        __end_of__initialization FF62               ?_SYSTEM_Initialize 0001  
                  ___rparam_used 000001                   __pcstackCOMRAM 0001  
            ??_SYSTEM_Initialize 0001        __end_of_SYSTEM_Initialize FF72  
             __CFG_CCP2MX$PORTC1 000000               __CFG_CCP3MX$PORTB5 000000  
                        _OSCCON2 000FD2                          _OSCTUNE 000F9B  
                __CFG_PWRTEN$OFF 000000                          __Hparam 0000  
                        __Lparam 0000                          __pcinit FF62  
                        __ramtop 1000                          __ptext0 FFBE  
                        __ptext1 FF68                          __ptext2 FF80  
                        __ptext3 FF72            _OSCILLATOR_Initialize FF72  
       ??_PIN_MANAGER_Initialize 0001       __size_of_SYSTEM_Initialize 000A  
           end_of_initialization FF62           ?_OSCILLATOR_Initialize 0001  
            start_initialization FF62  __size_of_PIN_MANAGER_Initialize 003E  
         _PIN_MANAGER_Initialize FF80                 __CFG_PRICLKEN$ON 000000  
                       _LATCbits 000F8B                 __CFG_WDTPS$32768 000000  
                    _INTCON2bits 000FF1                         __Hrparam 0000  
                       __Lrparam 0000               __CFG_BOREN$SBORDIS 000000  
              __CFG_P2BMX$PORTD2 000000          ??_OSCILLATOR_Initialize 0001  
                  __size_of_main 0042                       _INTCONbits 000FF2  
        ?_PIN_MANAGER_Initialize 0001                __CFG_T3CMX$PORTC0 000000  
 __end_of_PIN_MANAGER_Initialize FFBE                __CFG_FOSC$INTIO67 000000  
