

Microchip Technology PIC18 LITE Macro Assembler V1.30 build 55553 
                                                                                               Sat Mar 22 20:29:51 2014

Microchip Technology Omniscient Code Generator (Lite mode) build 55553
     1                           	processor	18F4550
     2                           	fnconf	rparam,??,?,0
     3                           	opt	pw 120
     4                           	opt	lm
     5                           	psect	intcodelo,global,reloc=2,class=CODE,delta=1
     6                           	psect	cinit,global,reloc=2,class=CODE,delta=1
     7                           	psect	cstackCOMRAM,global,class=COMRAM,space=1,delta=1
     8                           	psect	text0,global,reloc=2,class=CODE,delta=1
     9                           	psect	text1,global,reloc=2,class=CODE,delta=1
    10                           	psect	text2,global,reloc=2,class=CODE,delta=1
    11                           	psect	intcode,global,reloc=2,class=CODE,delta=1
    12                           	psect	intcode_body,global,reloc=2,class=CODE,delta=1
    13                           	psect	intsave_regs,global,class=BIGRAM,space=1,delta=1
    14                           	psect	rparam,global,class=COMRAM,space=1,delta=1
    15  0000                     _ADCON1	set	4033
    16  0000                     _CMCON	set	4020
    17  0000                     _INTCON2bits	set	4081
    18  0000                     _INTCONbits	set	4082
    19  0000                     _PORTA	set	3968
    20  0000                     _PORTAbits	set	3968
    21  0000                     _PORTB	set	3969
    22  0000                     _PORTC	set	3970
    23  0000                     _PORTD	set	3971
    24  0000                     _PORTE	set	3972
    25  0000                     _RCONbits	set	4048
    26  0000                     _TRISA	set	3986
    27  0000                     _TRISB	set	3987
    28  0000                     _TRISC	set	3988
    29  0000                     _TRISD	set	3989
    30  0000                     _TRISE	set	3990
    31                           
    32 ;; *************** function _low_isr *****************
    33 ;; Defined at:
    34 ;;		line 14 in file "interrupts.c"
    35 ;; Parameters:    Size  Location     Type
    36 ;;		None
    37 ;; Auto vars:     Size  Location     Type
    38 ;;		None
    39 ;; Return value:  Size  Location     Type
    40 ;;		None               void
    41 ;; Registers used:
    42 ;;		None
    43 ;; Tracked objects:
    44 ;;		On entry : 0/0
    45 ;;		On exit  : 0/0
    46 ;;		Unchanged: 0/0
    47 ;; Data sizes:     COMRAM   BANK0   BANK1   BANK2   BANK3   BANK4   BANK5   BANK6   BANK7
    48 ;;      Params:         0       0       0       0       0       0       0       0       0
    49 ;;      Locals:         0       0       0       0       0       0       0       0       0
    50 ;;      Temps:         17       0       0       0       0       0       0       0       0
    51 ;;      Totals:        17       0       0       0       0       0       0       0       0
    52 ;;Total ram usage:       17 bytes
    53 ;; Hardware stack levels used:    1
    54 ;; Hardware stack levels required when called:    1
    55 ;; This function calls:
    56 ;;		Nothing
    57 ;; This function is called by:
    58 ;;		Interrupt level 1
    59 ;; This function uses a non-reentrant model
    60 ;;
    61                           
    62                           	psect	intcodelo
    63  000018                     __pintcodelo:
    64                           	opt stack 0
    65                           
    66                           ; #config settings
    67  000018                     _low_isr:
    68                           	opt stack 28
    69                           
    70                           ;incstack = 0
    71  000018  CFD8 F001          	movff	status,??_low_isr
    72  00001C  CFE8 F002          	movff	wreg,??_low_isr+1
    73  000020  CFE0 F003          	movff	bsr,??_low_isr+2
    74  000024  CFFA F004          	movff	pclath,??_low_isr+3
    75  000028  CFFB F005          	movff	pclatu,??_low_isr+4
    76  00002C  CFE9 F006          	movff	fsr0l,??_low_isr+5
    77  000030  CFEA F007          	movff	fsr0h,??_low_isr+6
    78  000034  CFE1 F008          	movff	fsr1l,??_low_isr+7
    79  000038  CFE2 F009          	movff	fsr1h,??_low_isr+8
    80  00003C  CFD9 F00A          	movff	fsr2l,??_low_isr+9
    81  000040  CFDA F00B          	movff	fsr2h,??_low_isr+10
    82  000044  CFF3 F00C          	movff	prodl,??_low_isr+11
    83  000048  CFF4 F00D          	movff	prodh,??_low_isr+12
    84  00004C  CFF6 F00E          	movff	tblptrl,??_low_isr+13
    85  000050  CFF7 F00F          	movff	tblptrh,??_low_isr+14
    86  000054  CFF8 F010          	movff	tblptru,??_low_isr+15
    87  000058  CFF5 F011          	movff	tablat,??_low_isr+16
    88  00005C  C011  FFF5         	movff	??_low_isr+16,tablat
    89  000060  C010  FFF8         	movff	??_low_isr+15,tblptru
    90  000064  C00F  FFF7         	movff	??_low_isr+14,tblptrh
    91  000068  C00E  FFF6         	movff	??_low_isr+13,tblptrl
    92  00006C  C00D  FFF4         	movff	??_low_isr+12,prodh
    93  000070  C00C  FFF3         	movff	??_low_isr+11,prodl
    94  000074  C00B  FFDA         	movff	??_low_isr+10,fsr2h
    95  000078  C00A  FFD9         	movff	??_low_isr+9,fsr2l
    96  00007C  C009  FFE2         	movff	??_low_isr+8,fsr1h
    97  000080  C008  FFE1         	movff	??_low_isr+7,fsr1l
    98  000084  C007  FFEA         	movff	??_low_isr+6,fsr0h
    99  000088  C006  FFE9         	movff	??_low_isr+5,fsr0l
   100  00008C  C005  FFFB         	movff	??_low_isr+4,pclatu
   101  000090  C004  FFFA         	movff	??_low_isr+3,pclath
   102  000094  C003  FFE0         	movff	??_low_isr+2,bsr
   103  000098  C002  FFE8         	movff	??_low_isr+1,wreg
   104  00009C  C001  FFD8         	movff	??_low_isr,status
   105  0000A0  0010               	retfie	
   106  0000A2                     __end_of_low_isr:
   107                           	opt stack 0
   108                           pclatu	equ	0xFFB
   109                           pclath	equ	0xFFA
   110                           tblptru	equ	0xFF8
   111                           tblptrh	equ	0xFF7
   112                           tblptrl	equ	0xFF6
   113                           tablat	equ	0xFF5
   114                           prodh	equ	0xFF4
   115                           prodl	equ	0xFF3
   116                           fsr0h	equ	0xFEA
   117                           fsr0l	equ	0xFE9
   118                           wreg	equ	0xFE8
   119                           fsr1h	equ	0xFE2
   120                           fsr1l	equ	0xFE1
   121                           bsr	equ	0xFE0
   122                           fsr2h	equ	0xFDA
   123                           fsr2l	equ	0xFD9
   124                           status	equ	0xFD8
   125                           
   126                           	psect	cinit
   127  000174                     __pcinit:
   128                           	opt stack 0
   129  000174                     start_initialization:
   130                           	opt stack 0
   131  000174                     __initialization:
   132                           	opt stack 0
   133  000174                     end_of_initialization:
   134                           	opt stack 0
   135  000174                     __end_of__initialization:
   136                           	opt stack 0
   137  000174  0100               	movlb	0
   138  000176  EFB5  F000         	goto	_main	;jump to C main() function
   139                           pclatu	equ	0xFFB
   140                           pclath	equ	0xFFA
   141                           tblptru	equ	0xFF8
   142                           tblptrh	equ	0xFF7
   143                           tblptrl	equ	0xFF6
   144                           tablat	equ	0xFF5
   145                           prodh	equ	0xFF4
   146                           prodl	equ	0xFF3
   147                           fsr0h	equ	0xFEA
   148                           fsr0l	equ	0xFE9
   149                           wreg	equ	0xFE8
   150                           fsr1h	equ	0xFE2
   151                           fsr1l	equ	0xFE1
   152                           bsr	equ	0xFE0
   153                           fsr2h	equ	0xFDA
   154                           fsr2l	equ	0xFD9
   155                           status	equ	0xFD8
   156                           
   157                           	psect	cstackCOMRAM
   158  000001                     __pcstackCOMRAM:
   159                           	opt stack 0
   160  000001                     ??_low_isr:
   161  000001                     
   162                           ; 0 bytes @ 0x0
   163  000001                     	ds	17
   164  000012                     ??_high_isr:
   165                           
   166                           ; 0 bytes @ 0x11
   167  000012                     	ds	15
   168  000021                     pclatu	equ	0xFFB
   169                           pclath	equ	0xFFA
   170                           tblptru	equ	0xFF8
   171                           tblptrh	equ	0xFF7
   172                           tblptrl	equ	0xFF6
   173                           tablat	equ	0xFF5
   174                           prodh	equ	0xFF4
   175                           prodl	equ	0xFF3
   176                           fsr0h	equ	0xFEA
   177                           fsr0l	equ	0xFE9
   178                           wreg	equ	0xFE8
   179                           fsr1h	equ	0xFE2
   180                           fsr1l	equ	0xFE1
   181                           bsr	equ	0xFE0
   182                           fsr2h	equ	0xFDA
   183                           fsr2l	equ	0xFD9
   184                           status	equ	0xFD8
   185                           
   186                           ; 0 bytes @ 0x20
   187 ;;
   188 ;;Main: autosize = 0, tempsize = 0, incstack = 0, save=0
   189 ;;
   190 ;; *************** function _main *****************
   191 ;; Defined at:
   192 ;;		line 7 in file "main.c"
   193 ;; Parameters:    Size  Location     Type
   194 ;;		None
   195 ;; Auto vars:     Size  Location     Type
   196 ;;		None
   197 ;; Return value:  Size  Location     Type
   198 ;;		None               void
   199 ;; Registers used:
   200 ;;		wreg, fsr0l, fsr0h, fsr1l, fsr1h, fsr1l, fsr1h, fsr2l, fsr2h, status,2, status,0, pclat, btemp, btemp+1, btemp+2, bt
      +emp+3, btemp+4, btemp+5, btemp+6, btemp+7, btemp+8, btemp+9, btemp+10, btemp+11, tosl, structret, tblptrl, tblptrh, tblp
      +tru, prodl, prodh, bsr, cstack
   201 ;; Tracked objects:
   202 ;;		On entry : 0/0
   203 ;;		On exit  : 0/0
   204 ;;		Unchanged: 0/0
   205 ;; Data sizes:     COMRAM   BANK0   BANK1   BANK2   BANK3   BANK4   BANK5   BANK6   BANK7
   206 ;;      Params:         0       0       0       0       0       0       0       0       0
   207 ;;      Locals:         0       0       0       0       0       0       0       0       0
   208 ;;      Temps:          0       0       0       0       0       0       0       0       0
   209 ;;      Totals:         0       0       0       0       0       0       0       0       0
   210 ;;Total ram usage:        0 bytes
   211 ;; Hardware stack levels required when called:    3
   212 ;; This function calls:
   213 ;;		_ConfigureOscillator
   214 ;;		_InitApp
   215 ;; This function is called by:
   216 ;;		Startup code after reset
   217 ;; This function uses a non-reentrant model
   218 ;;
   219                           
   220                           	psect	text0
   221  00016A                     __ptext0:
   222                           	opt stack 0
   223  00016A                     _main:
   224                           	opt stack 28
   225                           
   226                           ;main.c: 9: ConfigureOscillator();
   227                           
   228                           ;incstack = 0
   229  00016A  ECBD  F000         	call	_ConfigureOscillator	;wreg free
   230                           
   231                           ;main.c: 10: InitApp();
   232  00016E  EC95  F000         	call	_InitApp	;wreg free
   233  000172                     l20:
   234                           
   235                           ;main.c: 13: {
   236  000172  D7FF               	goto	l20
   237  000174                     __end_of_main:
   238                           	opt stack 0
   239                           pclatu	equ	0xFFB
   240                           pclath	equ	0xFFA
   241                           tblptru	equ	0xFF8
   242                           tblptrh	equ	0xFF7
   243                           tblptrl	equ	0xFF6
   244                           tablat	equ	0xFF5
   245                           prodh	equ	0xFF4
   246                           prodl	equ	0xFF3
   247                           fsr0h	equ	0xFEA
   248                           fsr0l	equ	0xFE9
   249                           wreg	equ	0xFE8
   250                           fsr1h	equ	0xFE2
   251                           fsr1l	equ	0xFE1
   252                           bsr	equ	0xFE0
   253                           fsr2h	equ	0xFDA
   254                           fsr2l	equ	0xFD9
   255                           status	equ	0xFD8
   256                           
   257 ;; *************** function _InitApp *****************
   258 ;; Defined at:
   259 ;;		line 6 in file "user.c"
   260 ;; Parameters:    Size  Location     Type
   261 ;;		None
   262 ;; Auto vars:     Size  Location     Type
   263 ;;		None
   264 ;; Return value:  Size  Location     Type
   265 ;;		None               void
   266 ;; Registers used:
   267 ;;		wreg, status,2
   268 ;; Tracked objects:
   269 ;;		On entry : 0/0
   270 ;;		On exit  : 0/0
   271 ;;		Unchanged: 0/0
   272 ;; Data sizes:     COMRAM   BANK0   BANK1   BANK2   BANK3   BANK4   BANK5   BANK6   BANK7
   273 ;;      Params:         0       0       0       0       0       0       0       0       0
   274 ;;      Locals:         0       0       0       0       0       0       0       0       0
   275 ;;      Temps:          0       0       0       0       0       0       0       0       0
   276 ;;      Totals:         0       0       0       0       0       0       0       0       0
   277 ;;Total ram usage:        0 bytes
   278 ;; Hardware stack levels used:    1
   279 ;; Hardware stack levels required when called:    2
   280 ;; This function calls:
   281 ;;		Nothing
   282 ;; This function is called by:
   283 ;;		_main
   284 ;; This function uses a non-reentrant model
   285 ;;
   286                           
   287                           	psect	text1
   288  00012A                     __ptext1:
   289                           	opt stack 0
   290  00012A                     _InitApp:
   291                           	opt stack 28
   292                           
   293                           ;user.c: 8: TRISA = 0x00;
   294                           
   295                           ;incstack = 0
   296  00012A  0E00               	movlw	0
   297  00012C  6E92               	movwf	3986,c	;volatile
   298                           
   299                           ;user.c: 9: TRISB = 0b00000001;
   300  00012E  0E01               	movlw	1
   301  000130  6E93               	movwf	3987,c	;volatile
   302                           
   303                           ;user.c: 10: TRISC = 0x00;
   304  000132  0E00               	movlw	0
   305  000134  6E94               	movwf	3988,c	;volatile
   306                           
   307                           ;user.c: 11: TRISD = 0x00;
   308  000136  0E00               	movlw	0
   309  000138  6E95               	movwf	3989,c	;volatile
   310                           
   311                           ;user.c: 12: TRISE = 0x00;
   312  00013A  0E00               	movlw	0
   313  00013C  6E96               	movwf	3990,c	;volatile
   314                           
   315                           ;user.c: 14: ADCON1 = 0x0F;
   316  00013E  0E0F               	movlw	15
   317  000140  6EC1               	movwf	4033,c	;volatile
   318                           
   319                           ;user.c: 15: CMCON = 0x07;
   320  000142  0E07               	movlw	7
   321  000144  6EB4               	movwf	4020,c	;volatile
   322                           
   323                           ;user.c: 17: PORTA = 0X00;
   324  000146  0E00               	movlw	0
   325  000148  6E80               	movwf	3968,c	;volatile
   326                           
   327                           ;user.c: 18: PORTB = 0X00;
   328  00014A  0E00               	movlw	0
   329  00014C  6E81               	movwf	3969,c	;volatile
   330                           
   331                           ;user.c: 19: PORTC = 0X00;
   332  00014E  0E00               	movlw	0
   333  000150  6E82               	movwf	3970,c	;volatile
   334                           
   335                           ;user.c: 20: PORTD = 0X00;
   336  000152  0E00               	movlw	0
   337  000154  6E83               	movwf	3971,c	;volatile
   338                           
   339                           ;user.c: 21: PORTE = 0X00;
   340  000156  0E00               	movlw	0
   341  000158  6E84               	movwf	3972,c	;volatile
   342                           
   343                           ;user.c: 23: INTCON2bits.INTEDG0 = 0;
   344  00015A  9CF1               	bcf	intcon2,6,c	;volatile
   345                           
   346                           ;user.c: 24: INTCON2bits.RBIP = 1;
   347  00015C  80F1               	bsf	intcon2,0,c	;volatile
   348                           
   349                           ;user.c: 26: INTCONbits.INT0IF = 0;
   350  00015E  92F2               	bcf	intcon,1,c	;volatile
   351                           
   352                           ;user.c: 27: INTCONbits.INT0IE = 1;
   353  000160  88F2               	bsf	intcon,4,c	;volatile
   354                           
   355                           ;user.c: 29: RCONbits.IPEN = 1;
   356  000162  8ED0               	bsf	4048,7,c	;volatile
   357                           
   358                           ;user.c: 30: INTCONbits.GIEH = 1;
   359  000164  8EF2               	bsf	intcon,7,c	;volatile
   360                           
   361                           ;user.c: 31: INTCONbits.GIEL = 0;
   362  000166  9CF2               	bcf	intcon,6,c	;volatile
   363  000168  0012               	return	
   364  00016A                     __end_of_InitApp:
   365                           	opt stack 0
   366                           pclatu	equ	0xFFB
   367                           pclath	equ	0xFFA
   368                           tblptru	equ	0xFF8
   369                           tblptrh	equ	0xFF7
   370                           tblptrl	equ	0xFF6
   371                           tablat	equ	0xFF5
   372                           prodh	equ	0xFF4
   373                           prodl	equ	0xFF3
   374                           intcon	equ	0xFF2
   375                           intcon2	equ	0xFF1
   376                           fsr0h	equ	0xFEA
   377                           fsr0l	equ	0xFE9
   378                           wreg	equ	0xFE8
   379                           fsr1h	equ	0xFE2
   380                           fsr1l	equ	0xFE1
   381                           bsr	equ	0xFE0
   382                           fsr2h	equ	0xFDA
   383                           fsr2l	equ	0xFD9
   384                           status	equ	0xFD8
   385                           
   386 ;; *************** function _ConfigureOscillator *****************
   387 ;; Defined at:
   388 ;;		line 6 in file "system.c"
   389 ;; Parameters:    Size  Location     Type
   390 ;;		None
   391 ;; Auto vars:     Size  Location     Type
   392 ;;		None
   393 ;; Return value:  Size  Location     Type
   394 ;;		None               void
   395 ;; Registers used:
   396 ;;		None
   397 ;; Tracked objects:
   398 ;;		On entry : 0/0
   399 ;;		On exit  : 0/0
   400 ;;		Unchanged: 0/0
   401 ;; Data sizes:     COMRAM   BANK0   BANK1   BANK2   BANK3   BANK4   BANK5   BANK6   BANK7
   402 ;;      Params:         0       0       0       0       0       0       0       0       0
   403 ;;      Locals:         0       0       0       0       0       0       0       0       0
   404 ;;      Temps:          0       0       0       0       0       0       0       0       0
   405 ;;      Totals:         0       0       0       0       0       0       0       0       0
   406 ;;Total ram usage:        0 bytes
   407 ;; Hardware stack levels used:    1
   408 ;; Hardware stack levels required when called:    2
   409 ;; This function calls:
   410 ;;		Nothing
   411 ;; This function is called by:
   412 ;;		_main
   413 ;; This function uses a non-reentrant model
   414 ;;
   415                           
   416                           	psect	text2
   417  00017A                     __ptext2:
   418                           	opt stack 0
   419  00017A                     _ConfigureOscillator:
   420                           	opt stack 28
   421                           
   422                           ;incstack = 0
   423  00017A  0012               	return	
   424  00017C                     __end_of_ConfigureOscillator:
   425                           	opt stack 0
   426                           pclatu	equ	0xFFB
   427                           pclath	equ	0xFFA
   428                           tblptru	equ	0xFF8
   429                           tblptrh	equ	0xFF7
   430                           tblptrl	equ	0xFF6
   431                           tablat	equ	0xFF5
   432                           prodh	equ	0xFF4
   433                           prodl	equ	0xFF3
   434                           intcon	equ	0xFF2
   435                           intcon2	equ	0xFF1
   436                           fsr0h	equ	0xFEA
   437                           fsr0l	equ	0xFE9
   438                           wreg	equ	0xFE8
   439                           fsr1h	equ	0xFE2
   440                           fsr1l	equ	0xFE1
   441                           bsr	equ	0xFE0
   442                           fsr2h	equ	0xFDA
   443                           fsr2l	equ	0xFD9
   444                           status	equ	0xFD8
   445                           
   446 ;; *************** function _high_isr *****************
   447 ;; Defined at:
   448 ;;		line 6 in file "interrupts.c"
   449 ;; Parameters:    Size  Location     Type
   450 ;;		None
   451 ;; Auto vars:     Size  Location     Type
   452 ;;		None
   453 ;; Return value:  Size  Location     Type
   454 ;;		None               void
   455 ;; Registers used:
   456 ;;		wreg
   457 ;; Tracked objects:
   458 ;;		On entry : 0/0
   459 ;;		On exit  : 0/0
   460 ;;		Unchanged: 0/0
   461 ;; Data sizes:     COMRAM   BANK0   BANK1   BANK2   BANK3   BANK4   BANK5   BANK6   BANK7
   462 ;;      Params:         0       0       0       0       0       0       0       0       0
   463 ;;      Locals:         0       0       0       0       0       0       0       0       0
   464 ;;      Temps:         15       0       0       0       0       0       0       0       0
   465 ;;      Totals:        15       0       0       0       0       0       0       0       0
   466 ;;Total ram usage:       15 bytes
   467 ;; Hardware stack levels used:    1
   468 ;; This function calls:
   469 ;;		Nothing
   470 ;; This function is called by:
   471 ;;		Interrupt level 2
   472 ;; This function uses a non-reentrant model
   473 ;;
   474                           
   475                           	psect	intcode
   476  000008                     __pintcode:
   477                           	opt stack 0
   478  000008                     _high_isr:
   479                           	opt stack 28
   480                           
   481                           ;incstack = 0
   482  000008  CFFA F013          	movff	pclath,??_high_isr+1
   483  00000C  CFFB F014          	movff	pclatu,??_high_isr+2
   484  000010  ED53  F000         	call	int_func,f	;refresh shadow registers
   485                           pclatu	equ	0xFFB
   486                           pclath	equ	0xFFA
   487                           tblptru	equ	0xFF8
   488                           tblptrh	equ	0xFF7
   489                           tblptrl	equ	0xFF6
   490                           tablat	equ	0xFF5
   491                           prodh	equ	0xFF4
   492                           prodl	equ	0xFF3
   493                           intcon	equ	0xFF2
   494                           intcon2	equ	0xFF1
   495                           fsr0h	equ	0xFEA
   496                           fsr0l	equ	0xFE9
   497                           wreg	equ	0xFE8
   498                           fsr1h	equ	0xFE2
   499                           fsr1l	equ	0xFE1
   500                           bsr	equ	0xFE0
   501                           fsr2h	equ	0xFDA
   502                           fsr2l	equ	0xFD9
   503                           status	equ	0xFD8
   504                           
   505                           	psect	intcode_body
   506  0000A6                     __pintcode_body:
   507                           	opt stack 28
   508  0000A6                     int_func:
   509                           	opt stack 28
   510  0000A6  0006               	pop		; remove dummy address from shadow register refresh
   511  0000A8  CFE9 F015          	movff	fsr0l,??_high_isr+3
   512  0000AC  CFEA F016          	movff	fsr0h,??_high_isr+4
   513  0000B0  CFE1 F017          	movff	fsr1l,??_high_isr+5
   514  0000B4  CFE2 F018          	movff	fsr1h,??_high_isr+6
   515  0000B8  CFD9 F019          	movff	fsr2l,??_high_isr+7
   516  0000BC  CFDA F01A          	movff	fsr2h,??_high_isr+8
   517  0000C0  CFF3 F01B          	movff	prodl,??_high_isr+9
   518  0000C4  CFF4 F01C          	movff	prodh,??_high_isr+10
   519  0000C8  CFF6 F01D          	movff	tblptrl,??_high_isr+11
   520  0000CC  CFF7 F01E          	movff	tblptrh,??_high_isr+12
   521  0000D0  CFF8 F01F          	movff	tblptru,??_high_isr+13
   522  0000D4  CFF5 F020          	movff	tablat,??_high_isr+14
   523                           
   524                           ;interrupts.c: 7: if((INTCONbits.INT0IF == 1) && (INTCONbits.INT0IE == 1)){
   525  0000D8  B2F2               	btfsc	intcon,1,c	;volatile
   526  0000DA  A8F2               	btfss	intcon,4,c	;volatile
   527  0000DC  D009               	goto	i2l10
   528                           
   529                           ;interrupts.c: 8: PORTAbits.RA0 = ~PORTAbits.RA0;
   530  0000DE  7080               	btg	3968,0,c	;volatile
   531                           
   532                           ;interrupts.c: 9: _delay((unsigned long)((20)*(20000000L/4000.0)));
   533  0000E0  0E82               	movlw	130
   534  0000E2  6E12               	movwf	??_high_isr& (0+255),c
   535  0000E4  0EDE               	movlw	222
   536  0000E6                     i2u3_47:
   537  0000E6  2EE8               	decfsz	wreg,f,c
   538  0000E8  D7FE               	goto	i2u3_47
   539  0000EA  2E12               	decfsz	??_high_isr& (0+255),f,c
   540  0000EC  D7FC               	goto	i2u3_47
   541                           
   542                           ;interrupts.c: 10: INTCONbits.INT0IF = 0;
   543  0000EE  92F2               	bcf	intcon,1,c	;volatile
   544  0000F0                     i2l10:
   545  0000F0  C020  FFF5         	movff	??_high_isr+14,tablat
   546  0000F4  C01F  FFF8         	movff	??_high_isr+13,tblptru
   547  0000F8  C01E  FFF7         	movff	??_high_isr+12,tblptrh
   548  0000FC  C01D  FFF6         	movff	??_high_isr+11,tblptrl
   549  000100  C01C  FFF4         	movff	??_high_isr+10,prodh
   550  000104  C01B  FFF3         	movff	??_high_isr+9,prodl
   551  000108  C01A  FFDA         	movff	??_high_isr+8,fsr2h
   552  00010C  C019  FFD9         	movff	??_high_isr+7,fsr2l
   553  000110  C018  FFE2         	movff	??_high_isr+6,fsr1h
   554  000114  C017  FFE1         	movff	??_high_isr+5,fsr1l
   555  000118  C016  FFEA         	movff	??_high_isr+4,fsr0h
   556  00011C  C015  FFE9         	movff	??_high_isr+3,fsr0l
   557  000120  C014  FFFB         	movff	??_high_isr+2,pclatu
   558  000124  C013  FFFA         	movff	??_high_isr+1,pclath
   559  000128  0011               	retfie		f
   560  00012A                     __end_of_high_isr:
   561                           	opt stack 0
   562  0000                     pclatu	equ	0xFFB
   563                           pclath	equ	0xFFA
   564                           tblptru	equ	0xFF8
   565                           tblptrh	equ	0xFF7
   566                           tblptrl	equ	0xFF6
   567                           tablat	equ	0xFF5
   568                           prodh	equ	0xFF4
   569                           prodl	equ	0xFF3
   570                           intcon	equ	0xFF2
   571                           intcon2	equ	0xFF1
   572                           fsr0h	equ	0xFEA
   573                           fsr0l	equ	0xFE9
   574                           wreg	equ	0xFE8
   575                           fsr1h	equ	0xFE2
   576                           fsr1l	equ	0xFE1
   577                           bsr	equ	0xFE0
   578                           fsr2h	equ	0xFDA
   579                           fsr2l	equ	0xFD9
   580                           status	equ	0xFD8
   581                           pclatu	equ	0xFFB
   582                           pclath	equ	0xFFA
   583                           tblptru	equ	0xFF8
   584                           tblptrh	equ	0xFF7
   585                           tblptrl	equ	0xFF6
   586                           tablat	equ	0xFF5
   587                           prodh	equ	0xFF4
   588                           prodl	equ	0xFF3
   589                           intcon	equ	0xFF2
   590                           intcon2	equ	0xFF1
   591                           fsr0h	equ	0xFEA
   592                           fsr0l	equ	0xFE9
   593                           wreg	equ	0xFE8
   594                           fsr1h	equ	0xFE2
   595                           fsr1l	equ	0xFE1
   596                           bsr	equ	0xFE0
   597                           fsr2h	equ	0xFDA
   598                           fsr2l	equ	0xFD9
   599                           status	equ	0xFD8
   600                           
   601                           	psect	rparam
   602  0000                     pclatu	equ	0xFFB
   603                           pclath	equ	0xFFA
   604                           tblptru	equ	0xFF8
   605                           tblptrh	equ	0xFF7
   606                           tblptrl	equ	0xFF6
   607                           tablat	equ	0xFF5
   608                           prodh	equ	0xFF4
   609                           prodl	equ	0xFF3
   610                           intcon	equ	0xFF2
   611                           intcon2	equ	0xFF1
   612                           fsr0h	equ	0xFEA
   613                           fsr0l	equ	0xFE9
   614                           wreg	equ	0xFE8
   615                           fsr1h	equ	0xFE2
   616                           fsr1l	equ	0xFE1
   617                           bsr	equ	0xFE0
   618                           fsr2h	equ	0xFDA
   619                           fsr2l	equ	0xFD9
   620                           status	equ	0xFD8


Data Sizes:
    Strings     0
    Constant    0
    Data        0
    BSS         0
    Persistent  0
    Stack       0

Auto Spaces:
    Space          Size  Autos    Used
    COMRAM           95     32      32
    BANK0           160      0       0
    BANK1           256      0       0
    BANK2           256      0       0
    BANK3           256      0       0
    BANK4           256      0       0
    BANK5           256      0       0
    BANK6           256      0       0
    BANK7           256      0       0

Pointer List with Targets:

    None.

Critical Paths under _main in COMRAM

    None.

Critical Paths under _high_isr in COMRAM

    None.

Critical Paths under _low_isr in COMRAM

    None.

Critical Paths under _main in BANK0

    None.

Critical Paths under _high_isr in BANK0

    None.

Critical Paths under _low_isr in BANK0

    None.

Critical Paths under _main in BANK1

    None.

Critical Paths under _high_isr in BANK1

    None.

Critical Paths under _low_isr in BANK1

    None.

Critical Paths under _main in BANK2

    None.

Critical Paths under _high_isr in BANK2

    None.

Critical Paths under _low_isr in BANK2

    None.

Critical Paths under _main in BANK3

    None.

Critical Paths under _high_isr in BANK3

    None.

Critical Paths under _low_isr in BANK3

    None.

Critical Paths under _main in BANK4

    None.

Critical Paths under _high_isr in BANK4

    None.

Critical Paths under _low_isr in BANK4

    None.

Critical Paths under _main in BANK5

    None.

Critical Paths under _high_isr in BANK5

    None.

Critical Paths under _low_isr in BANK5

    None.

Critical Paths under _main in BANK6

    None.

Critical Paths under _high_isr in BANK6

    None.

Critical Paths under _low_isr in BANK6

    None.

Critical Paths under _main in BANK7

    None.

Critical Paths under _high_isr in BANK7

    None.

Critical Paths under _low_isr in BANK7

    None.

Call Graph Tables:

 ---------------------------------------------------------------------------------
 (Depth) Function   	        Calls       Base Space   Used Autos Params    Refs
 ---------------------------------------------------------------------------------
 (0) _main                                                 0     0      0       0
                _ConfigureOscillator
                            _InitApp
 ---------------------------------------------------------------------------------
 (1) _InitApp                                              0     0      0       0
 ---------------------------------------------------------------------------------
 (1) _ConfigureOscillator                                  0     0      0       0
 ---------------------------------------------------------------------------------
 Estimated maximum stack depth 1
 ---------------------------------------------------------------------------------
 (Depth) Function   	        Calls       Base Space   Used Autos Params    Refs
 ---------------------------------------------------------------------------------
 (2) _low_isr                                             17    17      0       0
                                              0 COMRAM    17    17      0
 ---------------------------------------------------------------------------------
 Estimated maximum stack depth 2
 ---------------------------------------------------------------------------------
 (Depth) Function   	        Calls       Base Space   Used Autos Params    Refs
 ---------------------------------------------------------------------------------
 (3) _high_isr                                            15    15      0       0
                                             17 COMRAM    15    15      0
 ---------------------------------------------------------------------------------
 Estimated maximum stack depth 3
 ---------------------------------------------------------------------------------

 Call Graph Graphs:

 _main (ROOT)
   _ConfigureOscillator
   _InitApp

 _low_isr (ROOT)

 _high_isr (ROOT)

 Address spaces:
Name               Size   Autos  Total    Cost      Usage
BITCOMRAM           5F      0       0       0        0.0%
EEDATA             100      0       0       0        0.0%
NULL                 0      0       0       0        0.0%
CODE                 0      0       0       0        0.0%
COMRAM              5F     20      20       1       33.7%
STACK                0      0       0       2        0.0%
DATA                 0      0       0       3        0.0%
BITBANK0            A0      0       0       4        0.0%
BANK0               A0      0       0       5        0.0%
BITBANK1           100      0       0       6        0.0%
BANK1              100      0       0       7        0.0%
BITBANK2           100      0       0       8        0.0%
BANK2              100      0       0       9        0.0%
BITBANK3           100      0       0      10        0.0%
BANK3              100      0       0      11        0.0%
BITBANK4           100      0       0      12        0.0%
BANK4              100      0       0      13        0.0%
BITBANK5           100      0       0      14        0.0%
BANK5              100      0       0      15        0.0%
BITBANK6           100      0       0      16        0.0%
BANK6              100      0       0      17        0.0%
BITBANK7           100      0       0      18        0.0%
BANK7              100      0       0      19        0.0%
ABS                  0      0       0      20        0.0%
BIGRAM             7FF      0       0      21        0.0%
BITSFR               0      0       0      40        0.0%
SFR                  0      0       0      40        0.0%


Microchip Technology PIC18 Macro Assembler V1.30 build 55553 
Symbol Table                                                                                   Sat Mar 22 20:29:51 2014

                          l20 0172                   __CFG_BOR$ON 000000                            bsr 000FE0  
                 __CFG_BORV$1 000000                  __CFG_CP0$OFF 000000                  __CFG_CP1$OFF 000000  
                __CFG_CP2$OFF 000000                  __CFG_CP3$OFF 000000                  __CFG_CPB$OFF 000000  
                __CFG_CPD$OFF 000000                           wreg 000FE8                  __CFG_FOSC$HS 000000  
                __CFG_LVP$OFF 000000                  __CFG_WDT$OFF 000000                          i2l10 00F0  
                __CFG_PWRT$ON 000000                          _main 016A                          fsr0h 000FEA  
                        fsr1h 000FE2                          fsr0l 000FE9                          fsr2h 000FDA  
                        fsr1l 000FE1                          fsr2l 000FD9                          pclat 000FFA  
                        prodh 000FF4                          prodl 000FF3                          start 00A2  
               __CFG_IESO$OFF 000000                 __CFG_MCLRE$ON 000000               __end_of_InitApp 016A  
               __CFG_PLLDIV$5 000000                __CFG_CCP2MX$ON 000000                         ?_main 0001  
                       _CMCON 000FB4                         _PORTA 000F80                         _PORTB 000F81  
                       _PORTC 000F82                         _PORTD 000F83                         _PORTE 000F84  
               __CFG_USBDIV$1 000000                         _TRISA 000F92                         _TRISB 000F93  
                       _TRISC 000F94                         _TRISD 000F95                         _TRISE 000F96  
         _ConfigureOscillator 017A                 __CFG_WRT0$OFF 000000                 __CFG_WRT1$OFF 000000  
               __CFG_WRT2$OFF 000000                 __CFG_WRT3$OFF 000000                __CFG_EBTR0$OFF 000000  
              __CFG_FCMEN$OFF 000000                __CFG_EBTR1$OFF 000000                __CFG_EBTR2$OFF 000000  
              __CFG_EBTR3$OFF 000000                 __CFG_WRTB$OFF 000000                 __CFG_WRTC$OFF 000000  
               __CFG_WRTD$OFF 000000                __CFG_EBTRB$OFF 000000               __end_of_low_isr 00A2  
                       tablat 000FF5                         status 000FD8                __CFG_ICPRT$OFF 000000  
        ?_ConfigureOscillator 0001               __initialization 0174                  __end_of_main 0174  
                      ??_main 0021                 __activetblptr 000000                        _ADCON1 000FC1  
                      i2u3_47 00E6                     ??_InitApp 0021         ??_ConfigureOscillator 0021  
              __CFG_XINST$OFF 000000              __end_of_high_isr 012A                __CFG_STVREN$ON 000000  
                   ??_low_isr 0001                        tblptrh 000FF7                        tblptrl 000FF6  
                      tblptru 000FF8                    __accesstop 0060       __end_of__initialization 0174  
             __CFG_PBADEN$OFF 000000                __pcstackCOMRAM 0001                     ?_high_isr 0001  
             __CFG_VREGEN$OFF 000000                       _InitApp 012A                       __Hparam 0000  
                     __Lparam 0000                       __pcinit 0174                       __ramtop 0800  
                     __ptext0 016A                       __ptext1 012A                       __ptext2 017A  
                     _low_isr 0018                    ??_high_isr 0012                __pintcode_body 00A6  
        end_of_initialization 0174                       int_func 00A6                     _PORTAbits 000F80  
 __end_of_ConfigureOscillator 017C           start_initialization 0174              __CFG_LPT1OSC$OFF 000000  
           __size_of_high_isr 0122                      ?_InitApp 0001                     __pintcode 0008  
                 __pintcodelo 0018                      ?_low_isr 0001                      _RCONbits 000FD0  
            __CFG_WDTPS$32768 000000                   _INTCON2bits 000FF1              __size_of_InitApp 0040  
                    __Hrparam 0000                      __Lrparam 0000              __size_of_low_isr 008A  
                    _high_isr 0008                 __size_of_main 000A  __size_of_ConfigureOscillator 0002  
       __CFG_CPUDIV$OSC1_PLL2 000000                    _INTCONbits 000FF2                      intlevel1 0000  
                    intlevel2 0000  
